Determining if the pthread_create exist failed with the following output:
Change Dir: /opt/ros_catkin_ws/build_isolated/rqt_gui/CMakeFiles/CMakeTmp

Run Build Command:"/usr/bin/make" "cmTC_75e45/fast"
/usr/bin/make -f CMakeFiles/cmTC_75e45.dir/build.make CMakeFiles/cmTC_75e45.dir/build
make[1]: Entering directory '/opt/ros_catkin_ws/build_isolated/rqt_gui/CMakeFiles/CMakeTmp'
Building C object CMakeFiles/cmTC_75e45.dir/CheckSymbolExists.c.o
/usr/bin/cc     -o CMakeFiles/cmTC_75e45.dir/CheckSymbolExists.c.o   -c /opt/ros_catkin_ws/build_isolated/rqt_gui/CMakeFiles/CMakeTmp/CheckSymbolExists.c
Linking C executable cmTC_75e45
/usr/bin/cmake -E cmake_link_script CMakeFiles/cmTC_75e45.dir/link.txt --verbose=1
/usr/bin/cc       CMakeFiles/cmTC_75e45.dir/CheckSymbolExists.c.o  -o cmTC_75e45 -rdynamic 
CMakeFiles/cmTC_75e45.dir/CheckSymbolExists.c.o: In function `main':
CheckSymbolExists.c:(.text+0xe): undefined reference to `pthread_create'
CheckSymbolExists.c:(.text+0x12): undefined reference to `pthread_create'
collect2: error: ld returned 1 exit status
CMakeFiles/cmTC_75e45.dir/build.make:97: recipe for target 'cmTC_75e45' failed
make[1]: *** [cmTC_75e45] Error 1
make[1]: Leaving directory '/opt/ros_catkin_ws/build_isolated/rqt_gui/CMakeFiles/CMakeTmp'
Makefile:126: recipe for target 'cmTC_75e45/fast' failed
make: *** [cmTC_75e45/fast] Error 2

File /opt/ros_catkin_ws/build_isolated/rqt_gui/CMakeFiles/CMakeTmp/CheckSymbolExists.c:
/* */
#include <pthread.h>

int main(int argc, char** argv)
{
  (void)argv;
#ifndef pthread_create
  return ((int*)(&pthread_create))[argc];
#else
  (void)argc;
  return 0;
#endif
}

Determining if the function pthread_create exists in the pthreads failed with the following output:
Change Dir: /opt/ros_catkin_ws/build_isolated/rqt_gui/CMakeFiles/CMakeTmp

Run Build Command:"/usr/bin/make" "cmTC_61345/fast"
/usr/bin/make -f CMakeFiles/cmTC_61345.dir/build.make CMakeFiles/cmTC_61345.dir/build
make[1]: Entering directory '/opt/ros_catkin_ws/build_isolated/rqt_gui/CMakeFiles/CMakeTmp'
Building C object CMakeFiles/cmTC_61345.dir/CheckFunctionExists.c.o
/usr/bin/cc    -DCHECK_FUNCTION_EXISTS=pthread_create   -o CMakeFiles/cmTC_61345.dir/CheckFunctionExists.c.o   -c /usr/share/cmake-3.5/Modules/CheckFunctionExists.c
Linking C executable cmTC_61345
/usr/bin/cmake -E cmake_link_script CMakeFiles/cmTC_61345.dir/link.txt --verbose=1
/usr/bin/cc   -DCHECK_FUNCTION_EXISTS=pthread_create    CMakeFiles/cmTC_61345.dir/CheckFunctionExists.c.o  -o cmTC_61345 -rdynamic -lpthreads 
/usr/bin/ld: cannot find -lpthreads
collect2: error: ld returned 1 exit status
CMakeFiles/cmTC_61345.dir/build.make:97: recipe for target 'cmTC_61345' failed
make[1]: *** [cmTC_61345] Error 1
make[1]: Leaving directory '/opt/ros_catkin_ws/build_isolated/rqt_gui/CMakeFiles/CMakeTmp'
Makefile:126: recipe for target 'cmTC_61345/fast' failed
make: *** [cmTC_61345/fast] Error 2


