Determining if the pthread_create exist failed with the following output:
Change Dir: /opt/ros_catkin_ws/build_isolated/rosmake/CMakeFiles/CMakeTmp

Run Build Command:"/usr/bin/make" "cmTC_cd7fd/fast"
/usr/bin/make -f CMakeFiles/cmTC_cd7fd.dir/build.make CMakeFiles/cmTC_cd7fd.dir/build
make[1]: Entering directory '/opt/ros_catkin_ws/build_isolated/rosmake/CMakeFiles/CMakeTmp'
Building C object CMakeFiles/cmTC_cd7fd.dir/CheckSymbolExists.c.o
/usr/bin/cc     -o CMakeFiles/cmTC_cd7fd.dir/CheckSymbolExists.c.o   -c /opt/ros_catkin_ws/build_isolated/rosmake/CMakeFiles/CMakeTmp/CheckSymbolExists.c
Linking C executable cmTC_cd7fd
/usr/bin/cmake -E cmake_link_script CMakeFiles/cmTC_cd7fd.dir/link.txt --verbose=1
/usr/bin/cc       CMakeFiles/cmTC_cd7fd.dir/CheckSymbolExists.c.o  -o cmTC_cd7fd -rdynamic 
CMakeFiles/cmTC_cd7fd.dir/CheckSymbolExists.c.o: In function `main':
CheckSymbolExists.c:(.text+0xe): undefined reference to `pthread_create'
CheckSymbolExists.c:(.text+0x12): undefined reference to `pthread_create'
collect2: error: ld returned 1 exit status
CMakeFiles/cmTC_cd7fd.dir/build.make:97: recipe for target 'cmTC_cd7fd' failed
make[1]: *** [cmTC_cd7fd] Error 1
make[1]: Leaving directory '/opt/ros_catkin_ws/build_isolated/rosmake/CMakeFiles/CMakeTmp'
Makefile:126: recipe for target 'cmTC_cd7fd/fast' failed
make: *** [cmTC_cd7fd/fast] Error 2

File /opt/ros_catkin_ws/build_isolated/rosmake/CMakeFiles/CMakeTmp/CheckSymbolExists.c:
/* */
#include <pthread.h>

int main(int argc, char** argv)
{
  (void)argv;
#ifndef pthread_create
  return ((int*)(&pthread_create))[argc];
#else
  (void)argc;
  return 0;
#endif
}

Determining if the function pthread_create exists in the pthreads failed with the following output:
Change Dir: /opt/ros_catkin_ws/build_isolated/rosmake/CMakeFiles/CMakeTmp

Run Build Command:"/usr/bin/make" "cmTC_8a7bd/fast"
/usr/bin/make -f CMakeFiles/cmTC_8a7bd.dir/build.make CMakeFiles/cmTC_8a7bd.dir/build
make[1]: Entering directory '/opt/ros_catkin_ws/build_isolated/rosmake/CMakeFiles/CMakeTmp'
Building C object CMakeFiles/cmTC_8a7bd.dir/CheckFunctionExists.c.o
/usr/bin/cc    -DCHECK_FUNCTION_EXISTS=pthread_create   -o CMakeFiles/cmTC_8a7bd.dir/CheckFunctionExists.c.o   -c /usr/share/cmake-3.5/Modules/CheckFunctionExists.c
Linking C executable cmTC_8a7bd
/usr/bin/cmake -E cmake_link_script CMakeFiles/cmTC_8a7bd.dir/link.txt --verbose=1
/usr/bin/cc   -DCHECK_FUNCTION_EXISTS=pthread_create    CMakeFiles/cmTC_8a7bd.dir/CheckFunctionExists.c.o  -o cmTC_8a7bd -rdynamic -lpthreads 
/usr/bin/ld: cannot find -lpthreads
collect2: error: ld returned 1 exit status
CMakeFiles/cmTC_8a7bd.dir/build.make:97: recipe for target 'cmTC_8a7bd' failed
make[1]: *** [cmTC_8a7bd] Error 1
make[1]: Leaving directory '/opt/ros_catkin_ws/build_isolated/rosmake/CMakeFiles/CMakeTmp'
Makefile:126: recipe for target 'cmTC_8a7bd/fast' failed
make: *** [cmTC_8a7bd/fast] Error 2


