Determining if the pthread_create exist failed with the following output:
Change Dir: /opt/ros_catkin_ws/build_isolated/rosbash/CMakeFiles/CMakeTmp

Run Build Command:"/usr/bin/make" "cmTC_19fc5/fast"
/usr/bin/make -f CMakeFiles/cmTC_19fc5.dir/build.make CMakeFiles/cmTC_19fc5.dir/build
make[1]: Entering directory '/opt/ros_catkin_ws/build_isolated/rosbash/CMakeFiles/CMakeTmp'
Building C object CMakeFiles/cmTC_19fc5.dir/CheckSymbolExists.c.o
/usr/bin/cc     -o CMakeFiles/cmTC_19fc5.dir/CheckSymbolExists.c.o   -c /opt/ros_catkin_ws/build_isolated/rosbash/CMakeFiles/CMakeTmp/CheckSymbolExists.c
Linking C executable cmTC_19fc5
/usr/bin/cmake -E cmake_link_script CMakeFiles/cmTC_19fc5.dir/link.txt --verbose=1
/usr/bin/cc       CMakeFiles/cmTC_19fc5.dir/CheckSymbolExists.c.o  -o cmTC_19fc5 -rdynamic 
CMakeFiles/cmTC_19fc5.dir/CheckSymbolExists.c.o: In function `main':
CheckSymbolExists.c:(.text+0xe): undefined reference to `pthread_create'
CheckSymbolExists.c:(.text+0x12): undefined reference to `pthread_create'
collect2: error: ld returned 1 exit status
CMakeFiles/cmTC_19fc5.dir/build.make:97: recipe for target 'cmTC_19fc5' failed
make[1]: *** [cmTC_19fc5] Error 1
make[1]: Leaving directory '/opt/ros_catkin_ws/build_isolated/rosbash/CMakeFiles/CMakeTmp'
Makefile:126: recipe for target 'cmTC_19fc5/fast' failed
make: *** [cmTC_19fc5/fast] Error 2

File /opt/ros_catkin_ws/build_isolated/rosbash/CMakeFiles/CMakeTmp/CheckSymbolExists.c:
/* */
#include <pthread.h>

int main(int argc, char** argv)
{
  (void)argv;
#ifndef pthread_create
  return ((int*)(&pthread_create))[argc];
#else
  (void)argc;
  return 0;
#endif
}

Determining if the function pthread_create exists in the pthreads failed with the following output:
Change Dir: /opt/ros_catkin_ws/build_isolated/rosbash/CMakeFiles/CMakeTmp

Run Build Command:"/usr/bin/make" "cmTC_423bb/fast"
/usr/bin/make -f CMakeFiles/cmTC_423bb.dir/build.make CMakeFiles/cmTC_423bb.dir/build
make[1]: Entering directory '/opt/ros_catkin_ws/build_isolated/rosbash/CMakeFiles/CMakeTmp'
Building C object CMakeFiles/cmTC_423bb.dir/CheckFunctionExists.c.o
/usr/bin/cc    -DCHECK_FUNCTION_EXISTS=pthread_create   -o CMakeFiles/cmTC_423bb.dir/CheckFunctionExists.c.o   -c /usr/share/cmake-3.5/Modules/CheckFunctionExists.c
Linking C executable cmTC_423bb
/usr/bin/cmake -E cmake_link_script CMakeFiles/cmTC_423bb.dir/link.txt --verbose=1
/usr/bin/cc   -DCHECK_FUNCTION_EXISTS=pthread_create    CMakeFiles/cmTC_423bb.dir/CheckFunctionExists.c.o  -o cmTC_423bb -rdynamic -lpthreads 
/usr/bin/ld: cannot find -lpthreads
collect2: error: ld returned 1 exit status
CMakeFiles/cmTC_423bb.dir/build.make:97: recipe for target 'cmTC_423bb' failed
make[1]: *** [cmTC_423bb] Error 1
make[1]: Leaving directory '/opt/ros_catkin_ws/build_isolated/rosbash/CMakeFiles/CMakeTmp'
Makefile:126: recipe for target 'cmTC_423bb/fast' failed
make: *** [cmTC_423bb/fast] Error 2


