Determining if the pthread_create exist failed with the following output:
Change Dir: /opt/ros_catkin_ws/build_isolated/rqt_graph/CMakeFiles/CMakeTmp

Run Build Command:"/usr/bin/make" "cmTC_ef1cc/fast"
/usr/bin/make -f CMakeFiles/cmTC_ef1cc.dir/build.make CMakeFiles/cmTC_ef1cc.dir/build
make[1]: Entering directory '/opt/ros_catkin_ws/build_isolated/rqt_graph/CMakeFiles/CMakeTmp'
Building C object CMakeFiles/cmTC_ef1cc.dir/CheckSymbolExists.c.o
/usr/bin/cc     -o CMakeFiles/cmTC_ef1cc.dir/CheckSymbolExists.c.o   -c /opt/ros_catkin_ws/build_isolated/rqt_graph/CMakeFiles/CMakeTmp/CheckSymbolExists.c
Linking C executable cmTC_ef1cc
/usr/bin/cmake -E cmake_link_script CMakeFiles/cmTC_ef1cc.dir/link.txt --verbose=1
/usr/bin/cc       CMakeFiles/cmTC_ef1cc.dir/CheckSymbolExists.c.o  -o cmTC_ef1cc -rdynamic 
CMakeFiles/cmTC_ef1cc.dir/CheckSymbolExists.c.o: In function `main':
CheckSymbolExists.c:(.text+0xe): undefined reference to `pthread_create'
CheckSymbolExists.c:(.text+0x12): undefined reference to `pthread_create'
collect2: error: ld returned 1 exit status
CMakeFiles/cmTC_ef1cc.dir/build.make:97: recipe for target 'cmTC_ef1cc' failed
make[1]: *** [cmTC_ef1cc] Error 1
make[1]: Leaving directory '/opt/ros_catkin_ws/build_isolated/rqt_graph/CMakeFiles/CMakeTmp'
Makefile:126: recipe for target 'cmTC_ef1cc/fast' failed
make: *** [cmTC_ef1cc/fast] Error 2

File /opt/ros_catkin_ws/build_isolated/rqt_graph/CMakeFiles/CMakeTmp/CheckSymbolExists.c:
/* */
#include <pthread.h>

int main(int argc, char** argv)
{
  (void)argv;
#ifndef pthread_create
  return ((int*)(&pthread_create))[argc];
#else
  (void)argc;
  return 0;
#endif
}

Determining if the function pthread_create exists in the pthreads failed with the following output:
Change Dir: /opt/ros_catkin_ws/build_isolated/rqt_graph/CMakeFiles/CMakeTmp

Run Build Command:"/usr/bin/make" "cmTC_b7fa1/fast"
/usr/bin/make -f CMakeFiles/cmTC_b7fa1.dir/build.make CMakeFiles/cmTC_b7fa1.dir/build
make[1]: Entering directory '/opt/ros_catkin_ws/build_isolated/rqt_graph/CMakeFiles/CMakeTmp'
Building C object CMakeFiles/cmTC_b7fa1.dir/CheckFunctionExists.c.o
/usr/bin/cc    -DCHECK_FUNCTION_EXISTS=pthread_create   -o CMakeFiles/cmTC_b7fa1.dir/CheckFunctionExists.c.o   -c /usr/share/cmake-3.5/Modules/CheckFunctionExists.c
Linking C executable cmTC_b7fa1
/usr/bin/cmake -E cmake_link_script CMakeFiles/cmTC_b7fa1.dir/link.txt --verbose=1
/usr/bin/cc   -DCHECK_FUNCTION_EXISTS=pthread_create    CMakeFiles/cmTC_b7fa1.dir/CheckFunctionExists.c.o  -o cmTC_b7fa1 -rdynamic -lpthreads 
/usr/bin/ld: cannot find -lpthreads
collect2: error: ld returned 1 exit status
CMakeFiles/cmTC_b7fa1.dir/build.make:97: recipe for target 'cmTC_b7fa1' failed
make[1]: *** [cmTC_b7fa1] Error 1
make[1]: Leaving directory '/opt/ros_catkin_ws/build_isolated/rqt_graph/CMakeFiles/CMakeTmp'
Makefile:126: recipe for target 'cmTC_b7fa1/fast' failed
make: *** [cmTC_b7fa1/fast] Error 2


