Determining if the pthread_create exist failed with the following output:
Change Dir: /opt/ros_catkin_ws/build_isolated/smach_ros/CMakeFiles/CMakeTmp

Run Build Command:"/usr/bin/make" "cmTC_82803/fast"
/usr/bin/make -f CMakeFiles/cmTC_82803.dir/build.make CMakeFiles/cmTC_82803.dir/build
make[1]: Entering directory '/opt/ros_catkin_ws/build_isolated/smach_ros/CMakeFiles/CMakeTmp'
Building C object CMakeFiles/cmTC_82803.dir/CheckSymbolExists.c.o
/usr/bin/cc     -o CMakeFiles/cmTC_82803.dir/CheckSymbolExists.c.o   -c /opt/ros_catkin_ws/build_isolated/smach_ros/CMakeFiles/CMakeTmp/CheckSymbolExists.c
Linking C executable cmTC_82803
/usr/bin/cmake -E cmake_link_script CMakeFiles/cmTC_82803.dir/link.txt --verbose=1
/usr/bin/cc       CMakeFiles/cmTC_82803.dir/CheckSymbolExists.c.o  -o cmTC_82803 -rdynamic 
CMakeFiles/cmTC_82803.dir/CheckSymbolExists.c.o: In function `main':
CheckSymbolExists.c:(.text+0xe): undefined reference to `pthread_create'
CheckSymbolExists.c:(.text+0x12): undefined reference to `pthread_create'
collect2: error: ld returned 1 exit status
CMakeFiles/cmTC_82803.dir/build.make:97: recipe for target 'cmTC_82803' failed
make[1]: *** [cmTC_82803] Error 1
make[1]: Leaving directory '/opt/ros_catkin_ws/build_isolated/smach_ros/CMakeFiles/CMakeTmp'
Makefile:126: recipe for target 'cmTC_82803/fast' failed
make: *** [cmTC_82803/fast] Error 2

File /opt/ros_catkin_ws/build_isolated/smach_ros/CMakeFiles/CMakeTmp/CheckSymbolExists.c:
/* */
#include <pthread.h>

int main(int argc, char** argv)
{
  (void)argv;
#ifndef pthread_create
  return ((int*)(&pthread_create))[argc];
#else
  (void)argc;
  return 0;
#endif
}

Determining if the function pthread_create exists in the pthreads failed with the following output:
Change Dir: /opt/ros_catkin_ws/build_isolated/smach_ros/CMakeFiles/CMakeTmp

Run Build Command:"/usr/bin/make" "cmTC_1c092/fast"
/usr/bin/make -f CMakeFiles/cmTC_1c092.dir/build.make CMakeFiles/cmTC_1c092.dir/build
make[1]: Entering directory '/opt/ros_catkin_ws/build_isolated/smach_ros/CMakeFiles/CMakeTmp'
Building C object CMakeFiles/cmTC_1c092.dir/CheckFunctionExists.c.o
/usr/bin/cc    -DCHECK_FUNCTION_EXISTS=pthread_create   -o CMakeFiles/cmTC_1c092.dir/CheckFunctionExists.c.o   -c /usr/share/cmake-3.5/Modules/CheckFunctionExists.c
Linking C executable cmTC_1c092
/usr/bin/cmake -E cmake_link_script CMakeFiles/cmTC_1c092.dir/link.txt --verbose=1
/usr/bin/cc   -DCHECK_FUNCTION_EXISTS=pthread_create    CMakeFiles/cmTC_1c092.dir/CheckFunctionExists.c.o  -o cmTC_1c092 -rdynamic -lpthreads 
/usr/bin/ld: cannot find -lpthreads
collect2: error: ld returned 1 exit status
CMakeFiles/cmTC_1c092.dir/build.make:97: recipe for target 'cmTC_1c092' failed
make[1]: *** [cmTC_1c092] Error 1
make[1]: Leaving directory '/opt/ros_catkin_ws/build_isolated/smach_ros/CMakeFiles/CMakeTmp'
Makefile:126: recipe for target 'cmTC_1c092/fast' failed
make: *** [cmTC_1c092/fast] Error 2


