Determining if the pthread_create exist failed with the following output:
Change Dir: /opt/ros_catkin_ws/build_isolated/rqt_action/CMakeFiles/CMakeTmp

Run Build Command:"/usr/bin/make" "cmTC_1756c/fast"
/usr/bin/make -f CMakeFiles/cmTC_1756c.dir/build.make CMakeFiles/cmTC_1756c.dir/build
make[1]: Entering directory '/opt/ros_catkin_ws/build_isolated/rqt_action/CMakeFiles/CMakeTmp'
Building C object CMakeFiles/cmTC_1756c.dir/CheckSymbolExists.c.o
/usr/bin/cc     -o CMakeFiles/cmTC_1756c.dir/CheckSymbolExists.c.o   -c /opt/ros_catkin_ws/build_isolated/rqt_action/CMakeFiles/CMakeTmp/CheckSymbolExists.c
Linking C executable cmTC_1756c
/usr/bin/cmake -E cmake_link_script CMakeFiles/cmTC_1756c.dir/link.txt --verbose=1
/usr/bin/cc       CMakeFiles/cmTC_1756c.dir/CheckSymbolExists.c.o  -o cmTC_1756c -rdynamic 
CMakeFiles/cmTC_1756c.dir/CheckSymbolExists.c.o: In function `main':
CheckSymbolExists.c:(.text+0xe): undefined reference to `pthread_create'
CheckSymbolExists.c:(.text+0x12): undefined reference to `pthread_create'
collect2: error: ld returned 1 exit status
CMakeFiles/cmTC_1756c.dir/build.make:97: recipe for target 'cmTC_1756c' failed
make[1]: *** [cmTC_1756c] Error 1
make[1]: Leaving directory '/opt/ros_catkin_ws/build_isolated/rqt_action/CMakeFiles/CMakeTmp'
Makefile:126: recipe for target 'cmTC_1756c/fast' failed
make: *** [cmTC_1756c/fast] Error 2

File /opt/ros_catkin_ws/build_isolated/rqt_action/CMakeFiles/CMakeTmp/CheckSymbolExists.c:
/* */
#include <pthread.h>

int main(int argc, char** argv)
{
  (void)argv;
#ifndef pthread_create
  return ((int*)(&pthread_create))[argc];
#else
  (void)argc;
  return 0;
#endif
}

Determining if the function pthread_create exists in the pthreads failed with the following output:
Change Dir: /opt/ros_catkin_ws/build_isolated/rqt_action/CMakeFiles/CMakeTmp

Run Build Command:"/usr/bin/make" "cmTC_df4ce/fast"
/usr/bin/make -f CMakeFiles/cmTC_df4ce.dir/build.make CMakeFiles/cmTC_df4ce.dir/build
make[1]: Entering directory '/opt/ros_catkin_ws/build_isolated/rqt_action/CMakeFiles/CMakeTmp'
Building C object CMakeFiles/cmTC_df4ce.dir/CheckFunctionExists.c.o
/usr/bin/cc    -DCHECK_FUNCTION_EXISTS=pthread_create   -o CMakeFiles/cmTC_df4ce.dir/CheckFunctionExists.c.o   -c /usr/share/cmake-3.5/Modules/CheckFunctionExists.c
Linking C executable cmTC_df4ce
/usr/bin/cmake -E cmake_link_script CMakeFiles/cmTC_df4ce.dir/link.txt --verbose=1
/usr/bin/cc   -DCHECK_FUNCTION_EXISTS=pthread_create    CMakeFiles/cmTC_df4ce.dir/CheckFunctionExists.c.o  -o cmTC_df4ce -rdynamic -lpthreads 
/usr/bin/ld: cannot find -lpthreads
collect2: error: ld returned 1 exit status
CMakeFiles/cmTC_df4ce.dir/build.make:97: recipe for target 'cmTC_df4ce' failed
make[1]: *** [cmTC_df4ce] Error 1
make[1]: Leaving directory '/opt/ros_catkin_ws/build_isolated/rqt_action/CMakeFiles/CMakeTmp'
Makefile:126: recipe for target 'cmTC_df4ce/fast' failed
make: *** [cmTC_df4ce/fast] Error 2


