Determining if the pthread_create exist failed with the following output:
Change Dir: /opt/ros_catkin_ws/build_isolated/eigen_conversions/CMakeFiles/CMakeTmp

Run Build Command:"/usr/bin/make" "cmTC_77dab/fast"
/usr/bin/make -f CMakeFiles/cmTC_77dab.dir/build.make CMakeFiles/cmTC_77dab.dir/build
make[1]: Entering directory '/opt/ros_catkin_ws/build_isolated/eigen_conversions/CMakeFiles/CMakeTmp'
Building C object CMakeFiles/cmTC_77dab.dir/CheckSymbolExists.c.o
/usr/bin/cc     -o CMakeFiles/cmTC_77dab.dir/CheckSymbolExists.c.o   -c /opt/ros_catkin_ws/build_isolated/eigen_conversions/CMakeFiles/CMakeTmp/CheckSymbolExists.c
Linking C executable cmTC_77dab
/usr/bin/cmake -E cmake_link_script CMakeFiles/cmTC_77dab.dir/link.txt --verbose=1
/usr/bin/cc       CMakeFiles/cmTC_77dab.dir/CheckSymbolExists.c.o  -o cmTC_77dab -rdynamic 
CMakeFiles/cmTC_77dab.dir/CheckSymbolExists.c.o: In function `main':
CheckSymbolExists.c:(.text+0xe): undefined reference to `pthread_create'
CheckSymbolExists.c:(.text+0x12): undefined reference to `pthread_create'
collect2: error: ld returned 1 exit status
CMakeFiles/cmTC_77dab.dir/build.make:97: recipe for target 'cmTC_77dab' failed
make[1]: *** [cmTC_77dab] Error 1
make[1]: Leaving directory '/opt/ros_catkin_ws/build_isolated/eigen_conversions/CMakeFiles/CMakeTmp'
Makefile:126: recipe for target 'cmTC_77dab/fast' failed
make: *** [cmTC_77dab/fast] Error 2

File /opt/ros_catkin_ws/build_isolated/eigen_conversions/CMakeFiles/CMakeTmp/CheckSymbolExists.c:
/* */
#include <pthread.h>

int main(int argc, char** argv)
{
  (void)argv;
#ifndef pthread_create
  return ((int*)(&pthread_create))[argc];
#else
  (void)argc;
  return 0;
#endif
}

Determining if the function pthread_create exists in the pthreads failed with the following output:
Change Dir: /opt/ros_catkin_ws/build_isolated/eigen_conversions/CMakeFiles/CMakeTmp

Run Build Command:"/usr/bin/make" "cmTC_b5370/fast"
/usr/bin/make -f CMakeFiles/cmTC_b5370.dir/build.make CMakeFiles/cmTC_b5370.dir/build
make[1]: Entering directory '/opt/ros_catkin_ws/build_isolated/eigen_conversions/CMakeFiles/CMakeTmp'
Building C object CMakeFiles/cmTC_b5370.dir/CheckFunctionExists.c.o
/usr/bin/cc    -DCHECK_FUNCTION_EXISTS=pthread_create   -o CMakeFiles/cmTC_b5370.dir/CheckFunctionExists.c.o   -c /usr/share/cmake-3.5/Modules/CheckFunctionExists.c
Linking C executable cmTC_b5370
/usr/bin/cmake -E cmake_link_script CMakeFiles/cmTC_b5370.dir/link.txt --verbose=1
/usr/bin/cc   -DCHECK_FUNCTION_EXISTS=pthread_create    CMakeFiles/cmTC_b5370.dir/CheckFunctionExists.c.o  -o cmTC_b5370 -rdynamic -lpthreads 
/usr/bin/ld: cannot find -lpthreads
collect2: error: ld returned 1 exit status
CMakeFiles/cmTC_b5370.dir/build.make:97: recipe for target 'cmTC_b5370' failed
make[1]: *** [cmTC_b5370] Error 1
make[1]: Leaving directory '/opt/ros_catkin_ws/build_isolated/eigen_conversions/CMakeFiles/CMakeTmp'
Makefile:126: recipe for target 'cmTC_b5370/fast' failed
make: *** [cmTC_b5370/fast] Error 2


