Determining if the pthread_create exist failed with the following output:
Change Dir: /opt/ros_catkin_ws/build_isolated/actionlib_tutorials/CMakeFiles/CMakeTmp

Run Build Command:"/usr/bin/make" "cmTC_ad34d/fast"
/usr/bin/make -f CMakeFiles/cmTC_ad34d.dir/build.make CMakeFiles/cmTC_ad34d.dir/build
make[1]: Entering directory '/opt/ros_catkin_ws/build_isolated/actionlib_tutorials/CMakeFiles/CMakeTmp'
Building C object CMakeFiles/cmTC_ad34d.dir/CheckSymbolExists.c.o
/usr/bin/cc     -o CMakeFiles/cmTC_ad34d.dir/CheckSymbolExists.c.o   -c /opt/ros_catkin_ws/build_isolated/actionlib_tutorials/CMakeFiles/CMakeTmp/CheckSymbolExists.c
Linking C executable cmTC_ad34d
/usr/bin/cmake -E cmake_link_script CMakeFiles/cmTC_ad34d.dir/link.txt --verbose=1
/usr/bin/cc       CMakeFiles/cmTC_ad34d.dir/CheckSymbolExists.c.o  -o cmTC_ad34d -rdynamic 
CMakeFiles/cmTC_ad34d.dir/CheckSymbolExists.c.o: In function `main':
CheckSymbolExists.c:(.text+0xe): undefined reference to `pthread_create'
CheckSymbolExists.c:(.text+0x12): undefined reference to `pthread_create'
collect2: error: ld returned 1 exit status
CMakeFiles/cmTC_ad34d.dir/build.make:97: recipe for target 'cmTC_ad34d' failed
make[1]: *** [cmTC_ad34d] Error 1
make[1]: Leaving directory '/opt/ros_catkin_ws/build_isolated/actionlib_tutorials/CMakeFiles/CMakeTmp'
Makefile:126: recipe for target 'cmTC_ad34d/fast' failed
make: *** [cmTC_ad34d/fast] Error 2

File /opt/ros_catkin_ws/build_isolated/actionlib_tutorials/CMakeFiles/CMakeTmp/CheckSymbolExists.c:
/* */
#include <pthread.h>

int main(int argc, char** argv)
{
  (void)argv;
#ifndef pthread_create
  return ((int*)(&pthread_create))[argc];
#else
  (void)argc;
  return 0;
#endif
}

Determining if the function pthread_create exists in the pthreads failed with the following output:
Change Dir: /opt/ros_catkin_ws/build_isolated/actionlib_tutorials/CMakeFiles/CMakeTmp

Run Build Command:"/usr/bin/make" "cmTC_50ca6/fast"
/usr/bin/make -f CMakeFiles/cmTC_50ca6.dir/build.make CMakeFiles/cmTC_50ca6.dir/build
make[1]: Entering directory '/opt/ros_catkin_ws/build_isolated/actionlib_tutorials/CMakeFiles/CMakeTmp'
Building C object CMakeFiles/cmTC_50ca6.dir/CheckFunctionExists.c.o
/usr/bin/cc    -DCHECK_FUNCTION_EXISTS=pthread_create   -o CMakeFiles/cmTC_50ca6.dir/CheckFunctionExists.c.o   -c /usr/share/cmake-3.5/Modules/CheckFunctionExists.c
Linking C executable cmTC_50ca6
/usr/bin/cmake -E cmake_link_script CMakeFiles/cmTC_50ca6.dir/link.txt --verbose=1
/usr/bin/cc   -DCHECK_FUNCTION_EXISTS=pthread_create    CMakeFiles/cmTC_50ca6.dir/CheckFunctionExists.c.o  -o cmTC_50ca6 -rdynamic -lpthreads 
/usr/bin/ld: cannot find -lpthreads
collect2: error: ld returned 1 exit status
CMakeFiles/cmTC_50ca6.dir/build.make:97: recipe for target 'cmTC_50ca6' failed
make[1]: *** [cmTC_50ca6] Error 1
make[1]: Leaving directory '/opt/ros_catkin_ws/build_isolated/actionlib_tutorials/CMakeFiles/CMakeTmp'
Makefile:126: recipe for target 'cmTC_50ca6/fast' failed
make: *** [cmTC_50ca6/fast] Error 2


