Determining if the pthread_create exist failed with the following output:
Change Dir: /opt/ros_catkin_ws/build_isolated/turtle_actionlib/CMakeFiles/CMakeTmp

Run Build Command:"/usr/bin/make" "cmTC_584e4/fast"
/usr/bin/make -f CMakeFiles/cmTC_584e4.dir/build.make CMakeFiles/cmTC_584e4.dir/build
make[1]: Entering directory '/opt/ros_catkin_ws/build_isolated/turtle_actionlib/CMakeFiles/CMakeTmp'
Building C object CMakeFiles/cmTC_584e4.dir/CheckSymbolExists.c.o
/usr/bin/cc     -o CMakeFiles/cmTC_584e4.dir/CheckSymbolExists.c.o   -c /opt/ros_catkin_ws/build_isolated/turtle_actionlib/CMakeFiles/CMakeTmp/CheckSymbolExists.c
Linking C executable cmTC_584e4
/usr/bin/cmake -E cmake_link_script CMakeFiles/cmTC_584e4.dir/link.txt --verbose=1
/usr/bin/cc       CMakeFiles/cmTC_584e4.dir/CheckSymbolExists.c.o  -o cmTC_584e4 -rdynamic 
CMakeFiles/cmTC_584e4.dir/CheckSymbolExists.c.o: In function `main':
CheckSymbolExists.c:(.text+0xe): undefined reference to `pthread_create'
CheckSymbolExists.c:(.text+0x12): undefined reference to `pthread_create'
collect2: error: ld returned 1 exit status
CMakeFiles/cmTC_584e4.dir/build.make:97: recipe for target 'cmTC_584e4' failed
make[1]: *** [cmTC_584e4] Error 1
make[1]: Leaving directory '/opt/ros_catkin_ws/build_isolated/turtle_actionlib/CMakeFiles/CMakeTmp'
Makefile:126: recipe for target 'cmTC_584e4/fast' failed
make: *** [cmTC_584e4/fast] Error 2

File /opt/ros_catkin_ws/build_isolated/turtle_actionlib/CMakeFiles/CMakeTmp/CheckSymbolExists.c:
/* */
#include <pthread.h>

int main(int argc, char** argv)
{
  (void)argv;
#ifndef pthread_create
  return ((int*)(&pthread_create))[argc];
#else
  (void)argc;
  return 0;
#endif
}

Determining if the function pthread_create exists in the pthreads failed with the following output:
Change Dir: /opt/ros_catkin_ws/build_isolated/turtle_actionlib/CMakeFiles/CMakeTmp

Run Build Command:"/usr/bin/make" "cmTC_22164/fast"
/usr/bin/make -f CMakeFiles/cmTC_22164.dir/build.make CMakeFiles/cmTC_22164.dir/build
make[1]: Entering directory '/opt/ros_catkin_ws/build_isolated/turtle_actionlib/CMakeFiles/CMakeTmp'
Building C object CMakeFiles/cmTC_22164.dir/CheckFunctionExists.c.o
/usr/bin/cc    -DCHECK_FUNCTION_EXISTS=pthread_create   -o CMakeFiles/cmTC_22164.dir/CheckFunctionExists.c.o   -c /usr/share/cmake-3.5/Modules/CheckFunctionExists.c
Linking C executable cmTC_22164
/usr/bin/cmake -E cmake_link_script CMakeFiles/cmTC_22164.dir/link.txt --verbose=1
/usr/bin/cc   -DCHECK_FUNCTION_EXISTS=pthread_create    CMakeFiles/cmTC_22164.dir/CheckFunctionExists.c.o  -o cmTC_22164 -rdynamic -lpthreads 
/usr/bin/ld: cannot find -lpthreads
collect2: error: ld returned 1 exit status
CMakeFiles/cmTC_22164.dir/build.make:97: recipe for target 'cmTC_22164' failed
make[1]: *** [cmTC_22164] Error 1
make[1]: Leaving directory '/opt/ros_catkin_ws/build_isolated/turtle_actionlib/CMakeFiles/CMakeTmp'
Makefile:126: recipe for target 'cmTC_22164/fast' failed
make: *** [cmTC_22164/fast] Error 2


