Determining if the pthread_create exist failed with the following output:
Change Dir: /opt/ros_catkin_ws/build_isolated/roslib/CMakeFiles/CMakeTmp

Run Build Command:"/usr/bin/make" "cmTC_11c74/fast"
/usr/bin/make -f CMakeFiles/cmTC_11c74.dir/build.make CMakeFiles/cmTC_11c74.dir/build
make[1]: Entering directory '/opt/ros_catkin_ws/build_isolated/roslib/CMakeFiles/CMakeTmp'
Building C object CMakeFiles/cmTC_11c74.dir/CheckSymbolExists.c.o
/usr/bin/cc     -o CMakeFiles/cmTC_11c74.dir/CheckSymbolExists.c.o   -c /opt/ros_catkin_ws/build_isolated/roslib/CMakeFiles/CMakeTmp/CheckSymbolExists.c
Linking C executable cmTC_11c74
/usr/bin/cmake -E cmake_link_script CMakeFiles/cmTC_11c74.dir/link.txt --verbose=1
/usr/bin/cc       CMakeFiles/cmTC_11c74.dir/CheckSymbolExists.c.o  -o cmTC_11c74 -rdynamic 
CMakeFiles/cmTC_11c74.dir/CheckSymbolExists.c.o: In function `main':
CheckSymbolExists.c:(.text+0xe): undefined reference to `pthread_create'
CheckSymbolExists.c:(.text+0x12): undefined reference to `pthread_create'
collect2: error: ld returned 1 exit status
CMakeFiles/cmTC_11c74.dir/build.make:97: recipe for target 'cmTC_11c74' failed
make[1]: *** [cmTC_11c74] Error 1
make[1]: Leaving directory '/opt/ros_catkin_ws/build_isolated/roslib/CMakeFiles/CMakeTmp'
Makefile:126: recipe for target 'cmTC_11c74/fast' failed
make: *** [cmTC_11c74/fast] Error 2

File /opt/ros_catkin_ws/build_isolated/roslib/CMakeFiles/CMakeTmp/CheckSymbolExists.c:
/* */
#include <pthread.h>

int main(int argc, char** argv)
{
  (void)argv;
#ifndef pthread_create
  return ((int*)(&pthread_create))[argc];
#else
  (void)argc;
  return 0;
#endif
}

Determining if the function pthread_create exists in the pthreads failed with the following output:
Change Dir: /opt/ros_catkin_ws/build_isolated/roslib/CMakeFiles/CMakeTmp

Run Build Command:"/usr/bin/make" "cmTC_fdabd/fast"
/usr/bin/make -f CMakeFiles/cmTC_fdabd.dir/build.make CMakeFiles/cmTC_fdabd.dir/build
make[1]: Entering directory '/opt/ros_catkin_ws/build_isolated/roslib/CMakeFiles/CMakeTmp'
Building C object CMakeFiles/cmTC_fdabd.dir/CheckFunctionExists.c.o
/usr/bin/cc    -DCHECK_FUNCTION_EXISTS=pthread_create   -o CMakeFiles/cmTC_fdabd.dir/CheckFunctionExists.c.o   -c /usr/share/cmake-3.5/Modules/CheckFunctionExists.c
Linking C executable cmTC_fdabd
/usr/bin/cmake -E cmake_link_script CMakeFiles/cmTC_fdabd.dir/link.txt --verbose=1
/usr/bin/cc   -DCHECK_FUNCTION_EXISTS=pthread_create    CMakeFiles/cmTC_fdabd.dir/CheckFunctionExists.c.o  -o cmTC_fdabd -rdynamic -lpthreads 
/usr/bin/ld: cannot find -lpthreads
collect2: error: ld returned 1 exit status
CMakeFiles/cmTC_fdabd.dir/build.make:97: recipe for target 'cmTC_fdabd' failed
make[1]: *** [cmTC_fdabd] Error 1
make[1]: Leaving directory '/opt/ros_catkin_ws/build_isolated/roslib/CMakeFiles/CMakeTmp'
Makefile:126: recipe for target 'cmTC_fdabd/fast' failed
make: *** [cmTC_fdabd/fast] Error 2


