Determining if the pthread_create exist failed with the following output:
Change Dir: /opt/ros_catkin_ws/build_isolated/rosunit/CMakeFiles/CMakeTmp

Run Build Command:"/usr/bin/make" "cmTC_7822b/fast"
/usr/bin/make -f CMakeFiles/cmTC_7822b.dir/build.make CMakeFiles/cmTC_7822b.dir/build
make[1]: Entering directory '/opt/ros_catkin_ws/build_isolated/rosunit/CMakeFiles/CMakeTmp'
Building C object CMakeFiles/cmTC_7822b.dir/CheckSymbolExists.c.o
/usr/bin/cc     -o CMakeFiles/cmTC_7822b.dir/CheckSymbolExists.c.o   -c /opt/ros_catkin_ws/build_isolated/rosunit/CMakeFiles/CMakeTmp/CheckSymbolExists.c
Linking C executable cmTC_7822b
/usr/bin/cmake -E cmake_link_script CMakeFiles/cmTC_7822b.dir/link.txt --verbose=1
/usr/bin/cc       CMakeFiles/cmTC_7822b.dir/CheckSymbolExists.c.o  -o cmTC_7822b -rdynamic 
CMakeFiles/cmTC_7822b.dir/CheckSymbolExists.c.o: In function `main':
CheckSymbolExists.c:(.text+0xe): undefined reference to `pthread_create'
CheckSymbolExists.c:(.text+0x12): undefined reference to `pthread_create'
collect2: error: ld returned 1 exit status
CMakeFiles/cmTC_7822b.dir/build.make:97: recipe for target 'cmTC_7822b' failed
make[1]: *** [cmTC_7822b] Error 1
make[1]: Leaving directory '/opt/ros_catkin_ws/build_isolated/rosunit/CMakeFiles/CMakeTmp'
Makefile:126: recipe for target 'cmTC_7822b/fast' failed
make: *** [cmTC_7822b/fast] Error 2

File /opt/ros_catkin_ws/build_isolated/rosunit/CMakeFiles/CMakeTmp/CheckSymbolExists.c:
/* */
#include <pthread.h>

int main(int argc, char** argv)
{
  (void)argv;
#ifndef pthread_create
  return ((int*)(&pthread_create))[argc];
#else
  (void)argc;
  return 0;
#endif
}

Determining if the function pthread_create exists in the pthreads failed with the following output:
Change Dir: /opt/ros_catkin_ws/build_isolated/rosunit/CMakeFiles/CMakeTmp

Run Build Command:"/usr/bin/make" "cmTC_5c9f8/fast"
/usr/bin/make -f CMakeFiles/cmTC_5c9f8.dir/build.make CMakeFiles/cmTC_5c9f8.dir/build
make[1]: Entering directory '/opt/ros_catkin_ws/build_isolated/rosunit/CMakeFiles/CMakeTmp'
Building C object CMakeFiles/cmTC_5c9f8.dir/CheckFunctionExists.c.o
/usr/bin/cc    -DCHECK_FUNCTION_EXISTS=pthread_create   -o CMakeFiles/cmTC_5c9f8.dir/CheckFunctionExists.c.o   -c /usr/share/cmake-3.5/Modules/CheckFunctionExists.c
Linking C executable cmTC_5c9f8
/usr/bin/cmake -E cmake_link_script CMakeFiles/cmTC_5c9f8.dir/link.txt --verbose=1
/usr/bin/cc   -DCHECK_FUNCTION_EXISTS=pthread_create    CMakeFiles/cmTC_5c9f8.dir/CheckFunctionExists.c.o  -o cmTC_5c9f8 -rdynamic -lpthreads 
/usr/bin/ld: cannot find -lpthreads
collect2: error: ld returned 1 exit status
CMakeFiles/cmTC_5c9f8.dir/build.make:97: recipe for target 'cmTC_5c9f8' failed
make[1]: *** [cmTC_5c9f8] Error 1
make[1]: Leaving directory '/opt/ros_catkin_ws/build_isolated/rosunit/CMakeFiles/CMakeTmp'
Makefile:126: recipe for target 'cmTC_5c9f8/fast' failed
make: *** [cmTC_5c9f8/fast] Error 2


