Determining if the pthread_create exist failed with the following output:
Change Dir: /opt/ros_catkin_ws/build_isolated/roscpp_tutorials/CMakeFiles/CMakeTmp

Run Build Command:"/usr/bin/make" "cmTC_82201/fast"
/usr/bin/make -f CMakeFiles/cmTC_82201.dir/build.make CMakeFiles/cmTC_82201.dir/build
make[1]: Entering directory '/opt/ros_catkin_ws/build_isolated/roscpp_tutorials/CMakeFiles/CMakeTmp'
Building C object CMakeFiles/cmTC_82201.dir/CheckSymbolExists.c.o
/usr/bin/cc     -o CMakeFiles/cmTC_82201.dir/CheckSymbolExists.c.o   -c /opt/ros_catkin_ws/build_isolated/roscpp_tutorials/CMakeFiles/CMakeTmp/CheckSymbolExists.c
Linking C executable cmTC_82201
/usr/bin/cmake -E cmake_link_script CMakeFiles/cmTC_82201.dir/link.txt --verbose=1
/usr/bin/cc       CMakeFiles/cmTC_82201.dir/CheckSymbolExists.c.o  -o cmTC_82201 -rdynamic 
CMakeFiles/cmTC_82201.dir/CheckSymbolExists.c.o: In function `main':
CheckSymbolExists.c:(.text+0xe): undefined reference to `pthread_create'
CheckSymbolExists.c:(.text+0x12): undefined reference to `pthread_create'
collect2: error: ld returned 1 exit status
CMakeFiles/cmTC_82201.dir/build.make:97: recipe for target 'cmTC_82201' failed
make[1]: *** [cmTC_82201] Error 1
make[1]: Leaving directory '/opt/ros_catkin_ws/build_isolated/roscpp_tutorials/CMakeFiles/CMakeTmp'
Makefile:126: recipe for target 'cmTC_82201/fast' failed
make: *** [cmTC_82201/fast] Error 2

File /opt/ros_catkin_ws/build_isolated/roscpp_tutorials/CMakeFiles/CMakeTmp/CheckSymbolExists.c:
/* */
#include <pthread.h>

int main(int argc, char** argv)
{
  (void)argv;
#ifndef pthread_create
  return ((int*)(&pthread_create))[argc];
#else
  (void)argc;
  return 0;
#endif
}

Determining if the function pthread_create exists in the pthreads failed with the following output:
Change Dir: /opt/ros_catkin_ws/build_isolated/roscpp_tutorials/CMakeFiles/CMakeTmp

Run Build Command:"/usr/bin/make" "cmTC_13f11/fast"
/usr/bin/make -f CMakeFiles/cmTC_13f11.dir/build.make CMakeFiles/cmTC_13f11.dir/build
make[1]: Entering directory '/opt/ros_catkin_ws/build_isolated/roscpp_tutorials/CMakeFiles/CMakeTmp'
Building C object CMakeFiles/cmTC_13f11.dir/CheckFunctionExists.c.o
/usr/bin/cc    -DCHECK_FUNCTION_EXISTS=pthread_create   -o CMakeFiles/cmTC_13f11.dir/CheckFunctionExists.c.o   -c /usr/share/cmake-3.5/Modules/CheckFunctionExists.c
Linking C executable cmTC_13f11
/usr/bin/cmake -E cmake_link_script CMakeFiles/cmTC_13f11.dir/link.txt --verbose=1
/usr/bin/cc   -DCHECK_FUNCTION_EXISTS=pthread_create    CMakeFiles/cmTC_13f11.dir/CheckFunctionExists.c.o  -o cmTC_13f11 -rdynamic -lpthreads 
/usr/bin/ld: cannot find -lpthreads
collect2: error: ld returned 1 exit status
CMakeFiles/cmTC_13f11.dir/build.make:97: recipe for target 'cmTC_13f11' failed
make[1]: *** [cmTC_13f11] Error 1
make[1]: Leaving directory '/opt/ros_catkin_ws/build_isolated/roscpp_tutorials/CMakeFiles/CMakeTmp'
Makefile:126: recipe for target 'cmTC_13f11/fast' failed
make: *** [cmTC_13f11/fast] Error 2


