Determining if the pthread_create exist failed with the following output:
Change Dir: /opt/ros_catkin_ws/build_isolated/visualization_tutorials/CMakeFiles/CMakeTmp

Run Build Command:"/usr/bin/make" "cmTC_eedb6/fast"
/usr/bin/make -f CMakeFiles/cmTC_eedb6.dir/build.make CMakeFiles/cmTC_eedb6.dir/build
make[1]: Entering directory '/opt/ros_catkin_ws/build_isolated/visualization_tutorials/CMakeFiles/CMakeTmp'
Building C object CMakeFiles/cmTC_eedb6.dir/CheckSymbolExists.c.o
/usr/bin/cc     -o CMakeFiles/cmTC_eedb6.dir/CheckSymbolExists.c.o   -c /opt/ros_catkin_ws/build_isolated/visualization_tutorials/CMakeFiles/CMakeTmp/CheckSymbolExists.c
Linking C executable cmTC_eedb6
/usr/bin/cmake -E cmake_link_script CMakeFiles/cmTC_eedb6.dir/link.txt --verbose=1
/usr/bin/cc       CMakeFiles/cmTC_eedb6.dir/CheckSymbolExists.c.o  -o cmTC_eedb6 -rdynamic 
CMakeFiles/cmTC_eedb6.dir/CheckSymbolExists.c.o: In function `main':
CheckSymbolExists.c:(.text+0xe): undefined reference to `pthread_create'
CheckSymbolExists.c:(.text+0x12): undefined reference to `pthread_create'
collect2: error: ld returned 1 exit status
CMakeFiles/cmTC_eedb6.dir/build.make:97: recipe for target 'cmTC_eedb6' failed
make[1]: *** [cmTC_eedb6] Error 1
make[1]: Leaving directory '/opt/ros_catkin_ws/build_isolated/visualization_tutorials/CMakeFiles/CMakeTmp'
Makefile:126: recipe for target 'cmTC_eedb6/fast' failed
make: *** [cmTC_eedb6/fast] Error 2

File /opt/ros_catkin_ws/build_isolated/visualization_tutorials/CMakeFiles/CMakeTmp/CheckSymbolExists.c:
/* */
#include <pthread.h>

int main(int argc, char** argv)
{
  (void)argv;
#ifndef pthread_create
  return ((int*)(&pthread_create))[argc];
#else
  (void)argc;
  return 0;
#endif
}

Determining if the function pthread_create exists in the pthreads failed with the following output:
Change Dir: /opt/ros_catkin_ws/build_isolated/visualization_tutorials/CMakeFiles/CMakeTmp

Run Build Command:"/usr/bin/make" "cmTC_ba375/fast"
/usr/bin/make -f CMakeFiles/cmTC_ba375.dir/build.make CMakeFiles/cmTC_ba375.dir/build
make[1]: Entering directory '/opt/ros_catkin_ws/build_isolated/visualization_tutorials/CMakeFiles/CMakeTmp'
Building C object CMakeFiles/cmTC_ba375.dir/CheckFunctionExists.c.o
/usr/bin/cc    -DCHECK_FUNCTION_EXISTS=pthread_create   -o CMakeFiles/cmTC_ba375.dir/CheckFunctionExists.c.o   -c /usr/share/cmake-3.5/Modules/CheckFunctionExists.c
Linking C executable cmTC_ba375
/usr/bin/cmake -E cmake_link_script CMakeFiles/cmTC_ba375.dir/link.txt --verbose=1
/usr/bin/cc   -DCHECK_FUNCTION_EXISTS=pthread_create    CMakeFiles/cmTC_ba375.dir/CheckFunctionExists.c.o  -o cmTC_ba375 -rdynamic -lpthreads 
/usr/bin/ld: cannot find -lpthreads
collect2: error: ld returned 1 exit status
CMakeFiles/cmTC_ba375.dir/build.make:97: recipe for target 'cmTC_ba375' failed
make[1]: *** [cmTC_ba375] Error 1
make[1]: Leaving directory '/opt/ros_catkin_ws/build_isolated/visualization_tutorials/CMakeFiles/CMakeTmp'
Makefile:126: recipe for target 'cmTC_ba375/fast' failed
make: *** [cmTC_ba375/fast] Error 2


