Determining if the pthread_create exist failed with the following output:
Change Dir: /opt/ros_catkin_ws/build_isolated/ros_core/CMakeFiles/CMakeTmp

Run Build Command:"/usr/bin/make" "cmTC_4bb7e/fast"
/usr/bin/make -f CMakeFiles/cmTC_4bb7e.dir/build.make CMakeFiles/cmTC_4bb7e.dir/build
make[1]: Entering directory '/opt/ros_catkin_ws/build_isolated/ros_core/CMakeFiles/CMakeTmp'
Building C object CMakeFiles/cmTC_4bb7e.dir/CheckSymbolExists.c.o
/usr/bin/cc     -o CMakeFiles/cmTC_4bb7e.dir/CheckSymbolExists.c.o   -c /opt/ros_catkin_ws/build_isolated/ros_core/CMakeFiles/CMakeTmp/CheckSymbolExists.c
Linking C executable cmTC_4bb7e
/usr/bin/cmake -E cmake_link_script CMakeFiles/cmTC_4bb7e.dir/link.txt --verbose=1
/usr/bin/cc       CMakeFiles/cmTC_4bb7e.dir/CheckSymbolExists.c.o  -o cmTC_4bb7e -rdynamic 
CMakeFiles/cmTC_4bb7e.dir/CheckSymbolExists.c.o: In function `main':
CheckSymbolExists.c:(.text+0xe): undefined reference to `pthread_create'
CheckSymbolExists.c:(.text+0x12): undefined reference to `pthread_create'
collect2: error: ld returned 1 exit status
CMakeFiles/cmTC_4bb7e.dir/build.make:97: recipe for target 'cmTC_4bb7e' failed
make[1]: *** [cmTC_4bb7e] Error 1
make[1]: Leaving directory '/opt/ros_catkin_ws/build_isolated/ros_core/CMakeFiles/CMakeTmp'
Makefile:126: recipe for target 'cmTC_4bb7e/fast' failed
make: *** [cmTC_4bb7e/fast] Error 2

File /opt/ros_catkin_ws/build_isolated/ros_core/CMakeFiles/CMakeTmp/CheckSymbolExists.c:
/* */
#include <pthread.h>

int main(int argc, char** argv)
{
  (void)argv;
#ifndef pthread_create
  return ((int*)(&pthread_create))[argc];
#else
  (void)argc;
  return 0;
#endif
}

Determining if the function pthread_create exists in the pthreads failed with the following output:
Change Dir: /opt/ros_catkin_ws/build_isolated/ros_core/CMakeFiles/CMakeTmp

Run Build Command:"/usr/bin/make" "cmTC_de2b2/fast"
/usr/bin/make -f CMakeFiles/cmTC_de2b2.dir/build.make CMakeFiles/cmTC_de2b2.dir/build
make[1]: Entering directory '/opt/ros_catkin_ws/build_isolated/ros_core/CMakeFiles/CMakeTmp'
Building C object CMakeFiles/cmTC_de2b2.dir/CheckFunctionExists.c.o
/usr/bin/cc    -DCHECK_FUNCTION_EXISTS=pthread_create   -o CMakeFiles/cmTC_de2b2.dir/CheckFunctionExists.c.o   -c /usr/share/cmake-3.5/Modules/CheckFunctionExists.c
Linking C executable cmTC_de2b2
/usr/bin/cmake -E cmake_link_script CMakeFiles/cmTC_de2b2.dir/link.txt --verbose=1
/usr/bin/cc   -DCHECK_FUNCTION_EXISTS=pthread_create    CMakeFiles/cmTC_de2b2.dir/CheckFunctionExists.c.o  -o cmTC_de2b2 -rdynamic -lpthreads 
/usr/bin/ld: cannot find -lpthreads
collect2: error: ld returned 1 exit status
CMakeFiles/cmTC_de2b2.dir/build.make:97: recipe for target 'cmTC_de2b2' failed
make[1]: *** [cmTC_de2b2] Error 1
make[1]: Leaving directory '/opt/ros_catkin_ws/build_isolated/ros_core/CMakeFiles/CMakeTmp'
Makefile:126: recipe for target 'cmTC_de2b2/fast' failed
make: *** [cmTC_de2b2/fast] Error 2


