Determining if the pthread_create exist failed with the following output:
Change Dir: /opt/ros_catkin_ws/build_isolated/rosbag/CMakeFiles/CMakeTmp

Run Build Command:"/usr/bin/make" "cmTC_cf536/fast"
/usr/bin/make -f CMakeFiles/cmTC_cf536.dir/build.make CMakeFiles/cmTC_cf536.dir/build
make[1]: Entering directory '/opt/ros_catkin_ws/build_isolated/rosbag/CMakeFiles/CMakeTmp'
Building C object CMakeFiles/cmTC_cf536.dir/CheckSymbolExists.c.o
/usr/bin/cc     -o CMakeFiles/cmTC_cf536.dir/CheckSymbolExists.c.o   -c /opt/ros_catkin_ws/build_isolated/rosbag/CMakeFiles/CMakeTmp/CheckSymbolExists.c
Linking C executable cmTC_cf536
/usr/bin/cmake -E cmake_link_script CMakeFiles/cmTC_cf536.dir/link.txt --verbose=1
/usr/bin/cc       CMakeFiles/cmTC_cf536.dir/CheckSymbolExists.c.o  -o cmTC_cf536 -rdynamic 
CMakeFiles/cmTC_cf536.dir/CheckSymbolExists.c.o: In function `main':
CheckSymbolExists.c:(.text+0xe): undefined reference to `pthread_create'
CheckSymbolExists.c:(.text+0x12): undefined reference to `pthread_create'
collect2: error: ld returned 1 exit status
CMakeFiles/cmTC_cf536.dir/build.make:97: recipe for target 'cmTC_cf536' failed
make[1]: *** [cmTC_cf536] Error 1
make[1]: Leaving directory '/opt/ros_catkin_ws/build_isolated/rosbag/CMakeFiles/CMakeTmp'
Makefile:126: recipe for target 'cmTC_cf536/fast' failed
make: *** [cmTC_cf536/fast] Error 2

File /opt/ros_catkin_ws/build_isolated/rosbag/CMakeFiles/CMakeTmp/CheckSymbolExists.c:
/* */
#include <pthread.h>

int main(int argc, char** argv)
{
  (void)argv;
#ifndef pthread_create
  return ((int*)(&pthread_create))[argc];
#else
  (void)argc;
  return 0;
#endif
}

Determining if the function pthread_create exists in the pthreads failed with the following output:
Change Dir: /opt/ros_catkin_ws/build_isolated/rosbag/CMakeFiles/CMakeTmp

Run Build Command:"/usr/bin/make" "cmTC_69769/fast"
/usr/bin/make -f CMakeFiles/cmTC_69769.dir/build.make CMakeFiles/cmTC_69769.dir/build
make[1]: Entering directory '/opt/ros_catkin_ws/build_isolated/rosbag/CMakeFiles/CMakeTmp'
Building C object CMakeFiles/cmTC_69769.dir/CheckFunctionExists.c.o
/usr/bin/cc    -DCHECK_FUNCTION_EXISTS=pthread_create   -o CMakeFiles/cmTC_69769.dir/CheckFunctionExists.c.o   -c /usr/share/cmake-3.5/Modules/CheckFunctionExists.c
Linking C executable cmTC_69769
/usr/bin/cmake -E cmake_link_script CMakeFiles/cmTC_69769.dir/link.txt --verbose=1
/usr/bin/cc   -DCHECK_FUNCTION_EXISTS=pthread_create    CMakeFiles/cmTC_69769.dir/CheckFunctionExists.c.o  -o cmTC_69769 -rdynamic -lpthreads 
/usr/bin/ld: cannot find -lpthreads
collect2: error: ld returned 1 exit status
CMakeFiles/cmTC_69769.dir/build.make:97: recipe for target 'cmTC_69769' failed
make[1]: *** [cmTC_69769] Error 1
make[1]: Leaving directory '/opt/ros_catkin_ws/build_isolated/rosbag/CMakeFiles/CMakeTmp'
Makefile:126: recipe for target 'cmTC_69769/fast' failed
make: *** [cmTC_69769/fast] Error 2


