Determining if the pthread_create exist failed with the following output:
Change Dir: /opt/ros_catkin_ws/build_isolated/roscpp_serialization/CMakeFiles/CMakeTmp

Run Build Command:"/usr/bin/make" "cmTC_6c6bc/fast"
/usr/bin/make -f CMakeFiles/cmTC_6c6bc.dir/build.make CMakeFiles/cmTC_6c6bc.dir/build
make[1]: Entering directory '/opt/ros_catkin_ws/build_isolated/roscpp_serialization/CMakeFiles/CMakeTmp'
Building C object CMakeFiles/cmTC_6c6bc.dir/CheckSymbolExists.c.o
/usr/bin/cc     -o CMakeFiles/cmTC_6c6bc.dir/CheckSymbolExists.c.o   -c /opt/ros_catkin_ws/build_isolated/roscpp_serialization/CMakeFiles/CMakeTmp/CheckSymbolExists.c
Linking C executable cmTC_6c6bc
/usr/bin/cmake -E cmake_link_script CMakeFiles/cmTC_6c6bc.dir/link.txt --verbose=1
/usr/bin/cc       CMakeFiles/cmTC_6c6bc.dir/CheckSymbolExists.c.o  -o cmTC_6c6bc -rdynamic 
CMakeFiles/cmTC_6c6bc.dir/CheckSymbolExists.c.o: In function `main':
CheckSymbolExists.c:(.text+0xe): undefined reference to `pthread_create'
CheckSymbolExists.c:(.text+0x12): undefined reference to `pthread_create'
collect2: error: ld returned 1 exit status
CMakeFiles/cmTC_6c6bc.dir/build.make:97: recipe for target 'cmTC_6c6bc' failed
make[1]: *** [cmTC_6c6bc] Error 1
make[1]: Leaving directory '/opt/ros_catkin_ws/build_isolated/roscpp_serialization/CMakeFiles/CMakeTmp'
Makefile:126: recipe for target 'cmTC_6c6bc/fast' failed
make: *** [cmTC_6c6bc/fast] Error 2

File /opt/ros_catkin_ws/build_isolated/roscpp_serialization/CMakeFiles/CMakeTmp/CheckSymbolExists.c:
/* */
#include <pthread.h>

int main(int argc, char** argv)
{
  (void)argv;
#ifndef pthread_create
  return ((int*)(&pthread_create))[argc];
#else
  (void)argc;
  return 0;
#endif
}

Determining if the function pthread_create exists in the pthreads failed with the following output:
Change Dir: /opt/ros_catkin_ws/build_isolated/roscpp_serialization/CMakeFiles/CMakeTmp

Run Build Command:"/usr/bin/make" "cmTC_8af0f/fast"
/usr/bin/make -f CMakeFiles/cmTC_8af0f.dir/build.make CMakeFiles/cmTC_8af0f.dir/build
make[1]: Entering directory '/opt/ros_catkin_ws/build_isolated/roscpp_serialization/CMakeFiles/CMakeTmp'
Building C object CMakeFiles/cmTC_8af0f.dir/CheckFunctionExists.c.o
/usr/bin/cc    -DCHECK_FUNCTION_EXISTS=pthread_create   -o CMakeFiles/cmTC_8af0f.dir/CheckFunctionExists.c.o   -c /usr/share/cmake-3.5/Modules/CheckFunctionExists.c
Linking C executable cmTC_8af0f
/usr/bin/cmake -E cmake_link_script CMakeFiles/cmTC_8af0f.dir/link.txt --verbose=1
/usr/bin/cc   -DCHECK_FUNCTION_EXISTS=pthread_create    CMakeFiles/cmTC_8af0f.dir/CheckFunctionExists.c.o  -o cmTC_8af0f -rdynamic -lpthreads 
/usr/bin/ld: cannot find -lpthreads
collect2: error: ld returned 1 exit status
CMakeFiles/cmTC_8af0f.dir/build.make:97: recipe for target 'cmTC_8af0f' failed
make[1]: *** [cmTC_8af0f] Error 1
make[1]: Leaving directory '/opt/ros_catkin_ws/build_isolated/roscpp_serialization/CMakeFiles/CMakeTmp'
Makefile:126: recipe for target 'cmTC_8af0f/fast' failed
make: *** [cmTC_8af0f/fast] Error 2


