Determining if the pthread_create exist failed with the following output:
Change Dir: /opt/ros_catkin_ws/build_isolated/rosbag_migration_rule/CMakeFiles/CMakeTmp

Run Build Command:"/usr/bin/make" "cmTC_40f8c/fast"
/usr/bin/make -f CMakeFiles/cmTC_40f8c.dir/build.make CMakeFiles/cmTC_40f8c.dir/build
make[1]: Entering directory '/opt/ros_catkin_ws/build_isolated/rosbag_migration_rule/CMakeFiles/CMakeTmp'
Building C object CMakeFiles/cmTC_40f8c.dir/CheckSymbolExists.c.o
/usr/bin/cc     -o CMakeFiles/cmTC_40f8c.dir/CheckSymbolExists.c.o   -c /opt/ros_catkin_ws/build_isolated/rosbag_migration_rule/CMakeFiles/CMakeTmp/CheckSymbolExists.c
Linking C executable cmTC_40f8c
/usr/bin/cmake -E cmake_link_script CMakeFiles/cmTC_40f8c.dir/link.txt --verbose=1
/usr/bin/cc       CMakeFiles/cmTC_40f8c.dir/CheckSymbolExists.c.o  -o cmTC_40f8c -rdynamic 
CMakeFiles/cmTC_40f8c.dir/CheckSymbolExists.c.o: In function `main':
CheckSymbolExists.c:(.text+0xe): undefined reference to `pthread_create'
CheckSymbolExists.c:(.text+0x12): undefined reference to `pthread_create'
collect2: error: ld returned 1 exit status
CMakeFiles/cmTC_40f8c.dir/build.make:97: recipe for target 'cmTC_40f8c' failed
make[1]: *** [cmTC_40f8c] Error 1
make[1]: Leaving directory '/opt/ros_catkin_ws/build_isolated/rosbag_migration_rule/CMakeFiles/CMakeTmp'
Makefile:126: recipe for target 'cmTC_40f8c/fast' failed
make: *** [cmTC_40f8c/fast] Error 2

File /opt/ros_catkin_ws/build_isolated/rosbag_migration_rule/CMakeFiles/CMakeTmp/CheckSymbolExists.c:
/* */
#include <pthread.h>

int main(int argc, char** argv)
{
  (void)argv;
#ifndef pthread_create
  return ((int*)(&pthread_create))[argc];
#else
  (void)argc;
  return 0;
#endif
}

Determining if the function pthread_create exists in the pthreads failed with the following output:
Change Dir: /opt/ros_catkin_ws/build_isolated/rosbag_migration_rule/CMakeFiles/CMakeTmp

Run Build Command:"/usr/bin/make" "cmTC_c9ec6/fast"
/usr/bin/make -f CMakeFiles/cmTC_c9ec6.dir/build.make CMakeFiles/cmTC_c9ec6.dir/build
make[1]: Entering directory '/opt/ros_catkin_ws/build_isolated/rosbag_migration_rule/CMakeFiles/CMakeTmp'
Building C object CMakeFiles/cmTC_c9ec6.dir/CheckFunctionExists.c.o
/usr/bin/cc    -DCHECK_FUNCTION_EXISTS=pthread_create   -o CMakeFiles/cmTC_c9ec6.dir/CheckFunctionExists.c.o   -c /usr/share/cmake-3.5/Modules/CheckFunctionExists.c
Linking C executable cmTC_c9ec6
/usr/bin/cmake -E cmake_link_script CMakeFiles/cmTC_c9ec6.dir/link.txt --verbose=1
/usr/bin/cc   -DCHECK_FUNCTION_EXISTS=pthread_create    CMakeFiles/cmTC_c9ec6.dir/CheckFunctionExists.c.o  -o cmTC_c9ec6 -rdynamic -lpthreads 
/usr/bin/ld: cannot find -lpthreads
collect2: error: ld returned 1 exit status
CMakeFiles/cmTC_c9ec6.dir/build.make:97: recipe for target 'cmTC_c9ec6' failed
make[1]: *** [cmTC_c9ec6] Error 1
make[1]: Leaving directory '/opt/ros_catkin_ws/build_isolated/rosbag_migration_rule/CMakeFiles/CMakeTmp'
Makefile:126: recipe for target 'cmTC_c9ec6/fast' failed
make: *** [cmTC_c9ec6/fast] Error 2


