Determining if the pthread_create exist failed with the following output:
Change Dir: /opt/ros_catkin_ws/build_isolated/robot_model/CMakeFiles/CMakeTmp

Run Build Command:"/usr/bin/make" "cmTC_5be0d/fast"
/usr/bin/make -f CMakeFiles/cmTC_5be0d.dir/build.make CMakeFiles/cmTC_5be0d.dir/build
make[1]: Entering directory '/opt/ros_catkin_ws/build_isolated/robot_model/CMakeFiles/CMakeTmp'
Building C object CMakeFiles/cmTC_5be0d.dir/CheckSymbolExists.c.o
/usr/bin/cc     -o CMakeFiles/cmTC_5be0d.dir/CheckSymbolExists.c.o   -c /opt/ros_catkin_ws/build_isolated/robot_model/CMakeFiles/CMakeTmp/CheckSymbolExists.c
Linking C executable cmTC_5be0d
/usr/bin/cmake -E cmake_link_script CMakeFiles/cmTC_5be0d.dir/link.txt --verbose=1
/usr/bin/cc       CMakeFiles/cmTC_5be0d.dir/CheckSymbolExists.c.o  -o cmTC_5be0d -rdynamic 
CMakeFiles/cmTC_5be0d.dir/CheckSymbolExists.c.o: In function `main':
CheckSymbolExists.c:(.text+0xe): undefined reference to `pthread_create'
CheckSymbolExists.c:(.text+0x12): undefined reference to `pthread_create'
collect2: error: ld returned 1 exit status
CMakeFiles/cmTC_5be0d.dir/build.make:97: recipe for target 'cmTC_5be0d' failed
make[1]: *** [cmTC_5be0d] Error 1
make[1]: Leaving directory '/opt/ros_catkin_ws/build_isolated/robot_model/CMakeFiles/CMakeTmp'
Makefile:126: recipe for target 'cmTC_5be0d/fast' failed
make: *** [cmTC_5be0d/fast] Error 2

File /opt/ros_catkin_ws/build_isolated/robot_model/CMakeFiles/CMakeTmp/CheckSymbolExists.c:
/* */
#include <pthread.h>

int main(int argc, char** argv)
{
  (void)argv;
#ifndef pthread_create
  return ((int*)(&pthread_create))[argc];
#else
  (void)argc;
  return 0;
#endif
}

Determining if the function pthread_create exists in the pthreads failed with the following output:
Change Dir: /opt/ros_catkin_ws/build_isolated/robot_model/CMakeFiles/CMakeTmp

Run Build Command:"/usr/bin/make" "cmTC_cb7bf/fast"
/usr/bin/make -f CMakeFiles/cmTC_cb7bf.dir/build.make CMakeFiles/cmTC_cb7bf.dir/build
make[1]: Entering directory '/opt/ros_catkin_ws/build_isolated/robot_model/CMakeFiles/CMakeTmp'
Building C object CMakeFiles/cmTC_cb7bf.dir/CheckFunctionExists.c.o
/usr/bin/cc    -DCHECK_FUNCTION_EXISTS=pthread_create   -o CMakeFiles/cmTC_cb7bf.dir/CheckFunctionExists.c.o   -c /usr/share/cmake-3.5/Modules/CheckFunctionExists.c
Linking C executable cmTC_cb7bf
/usr/bin/cmake -E cmake_link_script CMakeFiles/cmTC_cb7bf.dir/link.txt --verbose=1
/usr/bin/cc   -DCHECK_FUNCTION_EXISTS=pthread_create    CMakeFiles/cmTC_cb7bf.dir/CheckFunctionExists.c.o  -o cmTC_cb7bf -rdynamic -lpthreads 
/usr/bin/ld: cannot find -lpthreads
collect2: error: ld returned 1 exit status
CMakeFiles/cmTC_cb7bf.dir/build.make:97: recipe for target 'cmTC_cb7bf' failed
make[1]: *** [cmTC_cb7bf] Error 1
make[1]: Leaving directory '/opt/ros_catkin_ws/build_isolated/robot_model/CMakeFiles/CMakeTmp'
Makefile:126: recipe for target 'cmTC_cb7bf/fast' failed
make: *** [cmTC_cb7bf/fast] Error 2


