Determining if the pthread_create exist failed with the following output:
Change Dir: /opt/ros_catkin_ws/build_isolated/mk/CMakeFiles/CMakeTmp

Run Build Command:"/usr/bin/make" "cmTC_72292/fast"
/usr/bin/make -f CMakeFiles/cmTC_72292.dir/build.make CMakeFiles/cmTC_72292.dir/build
make[1]: Entering directory '/opt/ros_catkin_ws/build_isolated/mk/CMakeFiles/CMakeTmp'
Building C object CMakeFiles/cmTC_72292.dir/CheckSymbolExists.c.o
/usr/bin/cc     -o CMakeFiles/cmTC_72292.dir/CheckSymbolExists.c.o   -c /opt/ros_catkin_ws/build_isolated/mk/CMakeFiles/CMakeTmp/CheckSymbolExists.c
Linking C executable cmTC_72292
/usr/bin/cmake -E cmake_link_script CMakeFiles/cmTC_72292.dir/link.txt --verbose=1
/usr/bin/cc       CMakeFiles/cmTC_72292.dir/CheckSymbolExists.c.o  -o cmTC_72292 -rdynamic 
CMakeFiles/cmTC_72292.dir/CheckSymbolExists.c.o: In function `main':
CheckSymbolExists.c:(.text+0xe): undefined reference to `pthread_create'
CheckSymbolExists.c:(.text+0x12): undefined reference to `pthread_create'
collect2: error: ld returned 1 exit status
CMakeFiles/cmTC_72292.dir/build.make:97: recipe for target 'cmTC_72292' failed
make[1]: *** [cmTC_72292] Error 1
make[1]: Leaving directory '/opt/ros_catkin_ws/build_isolated/mk/CMakeFiles/CMakeTmp'
Makefile:126: recipe for target 'cmTC_72292/fast' failed
make: *** [cmTC_72292/fast] Error 2

File /opt/ros_catkin_ws/build_isolated/mk/CMakeFiles/CMakeTmp/CheckSymbolExists.c:
/* */
#include <pthread.h>

int main(int argc, char** argv)
{
  (void)argv;
#ifndef pthread_create
  return ((int*)(&pthread_create))[argc];
#else
  (void)argc;
  return 0;
#endif
}

Determining if the function pthread_create exists in the pthreads failed with the following output:
Change Dir: /opt/ros_catkin_ws/build_isolated/mk/CMakeFiles/CMakeTmp

Run Build Command:"/usr/bin/make" "cmTC_65ae1/fast"
/usr/bin/make -f CMakeFiles/cmTC_65ae1.dir/build.make CMakeFiles/cmTC_65ae1.dir/build
make[1]: Entering directory '/opt/ros_catkin_ws/build_isolated/mk/CMakeFiles/CMakeTmp'
Building C object CMakeFiles/cmTC_65ae1.dir/CheckFunctionExists.c.o
/usr/bin/cc    -DCHECK_FUNCTION_EXISTS=pthread_create   -o CMakeFiles/cmTC_65ae1.dir/CheckFunctionExists.c.o   -c /usr/share/cmake-3.5/Modules/CheckFunctionExists.c
Linking C executable cmTC_65ae1
/usr/bin/cmake -E cmake_link_script CMakeFiles/cmTC_65ae1.dir/link.txt --verbose=1
/usr/bin/cc   -DCHECK_FUNCTION_EXISTS=pthread_create    CMakeFiles/cmTC_65ae1.dir/CheckFunctionExists.c.o  -o cmTC_65ae1 -rdynamic -lpthreads 
/usr/bin/ld: cannot find -lpthreads
collect2: error: ld returned 1 exit status
CMakeFiles/cmTC_65ae1.dir/build.make:97: recipe for target 'cmTC_65ae1' failed
make[1]: *** [cmTC_65ae1] Error 1
make[1]: Leaving directory '/opt/ros_catkin_ws/build_isolated/mk/CMakeFiles/CMakeTmp'
Makefile:126: recipe for target 'cmTC_65ae1/fast' failed
make: *** [cmTC_65ae1/fast] Error 2


