Determining if the pthread_create exist failed with the following output:
Change Dir: /opt/ros_catkin_ws/build_isolated/diagnostic_common_diagnostics/CMakeFiles/CMakeTmp

Run Build Command:"/usr/bin/make" "cmTC_2d9ef/fast"
/usr/bin/make -f CMakeFiles/cmTC_2d9ef.dir/build.make CMakeFiles/cmTC_2d9ef.dir/build
make[1]: Entering directory '/opt/ros_catkin_ws/build_isolated/diagnostic_common_diagnostics/CMakeFiles/CMakeTmp'
Building C object CMakeFiles/cmTC_2d9ef.dir/CheckSymbolExists.c.o
/usr/bin/cc     -o CMakeFiles/cmTC_2d9ef.dir/CheckSymbolExists.c.o   -c /opt/ros_catkin_ws/build_isolated/diagnostic_common_diagnostics/CMakeFiles/CMakeTmp/CheckSymbolExists.c
Linking C executable cmTC_2d9ef
/usr/bin/cmake -E cmake_link_script CMakeFiles/cmTC_2d9ef.dir/link.txt --verbose=1
/usr/bin/cc       CMakeFiles/cmTC_2d9ef.dir/CheckSymbolExists.c.o  -o cmTC_2d9ef -rdynamic 
CMakeFiles/cmTC_2d9ef.dir/CheckSymbolExists.c.o: In function `main':
CheckSymbolExists.c:(.text+0xe): undefined reference to `pthread_create'
CheckSymbolExists.c:(.text+0x12): undefined reference to `pthread_create'
collect2: error: ld returned 1 exit status
CMakeFiles/cmTC_2d9ef.dir/build.make:97: recipe for target 'cmTC_2d9ef' failed
make[1]: *** [cmTC_2d9ef] Error 1
make[1]: Leaving directory '/opt/ros_catkin_ws/build_isolated/diagnostic_common_diagnostics/CMakeFiles/CMakeTmp'
Makefile:126: recipe for target 'cmTC_2d9ef/fast' failed
make: *** [cmTC_2d9ef/fast] Error 2

File /opt/ros_catkin_ws/build_isolated/diagnostic_common_diagnostics/CMakeFiles/CMakeTmp/CheckSymbolExists.c:
/* */
#include <pthread.h>

int main(int argc, char** argv)
{
  (void)argv;
#ifndef pthread_create
  return ((int*)(&pthread_create))[argc];
#else
  (void)argc;
  return 0;
#endif
}

Determining if the function pthread_create exists in the pthreads failed with the following output:
Change Dir: /opt/ros_catkin_ws/build_isolated/diagnostic_common_diagnostics/CMakeFiles/CMakeTmp

Run Build Command:"/usr/bin/make" "cmTC_bb723/fast"
/usr/bin/make -f CMakeFiles/cmTC_bb723.dir/build.make CMakeFiles/cmTC_bb723.dir/build
make[1]: Entering directory '/opt/ros_catkin_ws/build_isolated/diagnostic_common_diagnostics/CMakeFiles/CMakeTmp'
Building C object CMakeFiles/cmTC_bb723.dir/CheckFunctionExists.c.o
/usr/bin/cc    -DCHECK_FUNCTION_EXISTS=pthread_create   -o CMakeFiles/cmTC_bb723.dir/CheckFunctionExists.c.o   -c /usr/share/cmake-3.5/Modules/CheckFunctionExists.c
Linking C executable cmTC_bb723
/usr/bin/cmake -E cmake_link_script CMakeFiles/cmTC_bb723.dir/link.txt --verbose=1
/usr/bin/cc   -DCHECK_FUNCTION_EXISTS=pthread_create    CMakeFiles/cmTC_bb723.dir/CheckFunctionExists.c.o  -o cmTC_bb723 -rdynamic -lpthreads 
/usr/bin/ld: cannot find -lpthreads
collect2: error: ld returned 1 exit status
CMakeFiles/cmTC_bb723.dir/build.make:97: recipe for target 'cmTC_bb723' failed
make[1]: *** [cmTC_bb723] Error 1
make[1]: Leaving directory '/opt/ros_catkin_ws/build_isolated/diagnostic_common_diagnostics/CMakeFiles/CMakeTmp'
Makefile:126: recipe for target 'cmTC_bb723/fast' failed
make: *** [cmTC_bb723/fast] Error 2


