Determining if the pthread_create exist failed with the following output:
Change Dir: /opt/ros_catkin_ws/build_isolated/smclib/CMakeFiles/CMakeTmp

Run Build Command:"/usr/bin/make" "cmTC_cd7d3/fast"
/usr/bin/make -f CMakeFiles/cmTC_cd7d3.dir/build.make CMakeFiles/cmTC_cd7d3.dir/build
make[1]: Entering directory '/opt/ros_catkin_ws/build_isolated/smclib/CMakeFiles/CMakeTmp'
Building C object CMakeFiles/cmTC_cd7d3.dir/CheckSymbolExists.c.o
/usr/bin/cc     -o CMakeFiles/cmTC_cd7d3.dir/CheckSymbolExists.c.o   -c /opt/ros_catkin_ws/build_isolated/smclib/CMakeFiles/CMakeTmp/CheckSymbolExists.c
Linking C executable cmTC_cd7d3
/usr/bin/cmake -E cmake_link_script CMakeFiles/cmTC_cd7d3.dir/link.txt --verbose=1
/usr/bin/cc       CMakeFiles/cmTC_cd7d3.dir/CheckSymbolExists.c.o  -o cmTC_cd7d3 -rdynamic 
CMakeFiles/cmTC_cd7d3.dir/CheckSymbolExists.c.o: In function `main':
CheckSymbolExists.c:(.text+0xe): undefined reference to `pthread_create'
CheckSymbolExists.c:(.text+0x12): undefined reference to `pthread_create'
collect2: error: ld returned 1 exit status
CMakeFiles/cmTC_cd7d3.dir/build.make:97: recipe for target 'cmTC_cd7d3' failed
make[1]: *** [cmTC_cd7d3] Error 1
make[1]: Leaving directory '/opt/ros_catkin_ws/build_isolated/smclib/CMakeFiles/CMakeTmp'
Makefile:126: recipe for target 'cmTC_cd7d3/fast' failed
make: *** [cmTC_cd7d3/fast] Error 2

File /opt/ros_catkin_ws/build_isolated/smclib/CMakeFiles/CMakeTmp/CheckSymbolExists.c:
/* */
#include <pthread.h>

int main(int argc, char** argv)
{
  (void)argv;
#ifndef pthread_create
  return ((int*)(&pthread_create))[argc];
#else
  (void)argc;
  return 0;
#endif
}

Determining if the function pthread_create exists in the pthreads failed with the following output:
Change Dir: /opt/ros_catkin_ws/build_isolated/smclib/CMakeFiles/CMakeTmp

Run Build Command:"/usr/bin/make" "cmTC_cb799/fast"
/usr/bin/make -f CMakeFiles/cmTC_cb799.dir/build.make CMakeFiles/cmTC_cb799.dir/build
make[1]: Entering directory '/opt/ros_catkin_ws/build_isolated/smclib/CMakeFiles/CMakeTmp'
Building C object CMakeFiles/cmTC_cb799.dir/CheckFunctionExists.c.o
/usr/bin/cc    -DCHECK_FUNCTION_EXISTS=pthread_create   -o CMakeFiles/cmTC_cb799.dir/CheckFunctionExists.c.o   -c /usr/share/cmake-3.5/Modules/CheckFunctionExists.c
Linking C executable cmTC_cb799
/usr/bin/cmake -E cmake_link_script CMakeFiles/cmTC_cb799.dir/link.txt --verbose=1
/usr/bin/cc   -DCHECK_FUNCTION_EXISTS=pthread_create    CMakeFiles/cmTC_cb799.dir/CheckFunctionExists.c.o  -o cmTC_cb799 -rdynamic -lpthreads 
/usr/bin/ld: cannot find -lpthreads
collect2: error: ld returned 1 exit status
CMakeFiles/cmTC_cb799.dir/build.make:97: recipe for target 'cmTC_cb799' failed
make[1]: *** [cmTC_cb799] Error 1
make[1]: Leaving directory '/opt/ros_catkin_ws/build_isolated/smclib/CMakeFiles/CMakeTmp'
Makefile:126: recipe for target 'cmTC_cb799/fast' failed
make: *** [cmTC_cb799/fast] Error 2


