Determining if the pthread_create exist failed with the following output:
Change Dir: /opt/ros_catkin_ws/build_isolated/roslint/CMakeFiles/CMakeTmp

Run Build Command:"/usr/bin/make" "cmTC_f3dfc/fast"
/usr/bin/make -f CMakeFiles/cmTC_f3dfc.dir/build.make CMakeFiles/cmTC_f3dfc.dir/build
make[1]: Entering directory '/opt/ros_catkin_ws/build_isolated/roslint/CMakeFiles/CMakeTmp'
Building C object CMakeFiles/cmTC_f3dfc.dir/CheckSymbolExists.c.o
/usr/bin/cc     -o CMakeFiles/cmTC_f3dfc.dir/CheckSymbolExists.c.o   -c /opt/ros_catkin_ws/build_isolated/roslint/CMakeFiles/CMakeTmp/CheckSymbolExists.c
Linking C executable cmTC_f3dfc
/usr/bin/cmake -E cmake_link_script CMakeFiles/cmTC_f3dfc.dir/link.txt --verbose=1
/usr/bin/cc       CMakeFiles/cmTC_f3dfc.dir/CheckSymbolExists.c.o  -o cmTC_f3dfc -rdynamic 
CMakeFiles/cmTC_f3dfc.dir/CheckSymbolExists.c.o: In function `main':
CheckSymbolExists.c:(.text+0xe): undefined reference to `pthread_create'
CheckSymbolExists.c:(.text+0x12): undefined reference to `pthread_create'
collect2: error: ld returned 1 exit status
CMakeFiles/cmTC_f3dfc.dir/build.make:97: recipe for target 'cmTC_f3dfc' failed
make[1]: *** [cmTC_f3dfc] Error 1
make[1]: Leaving directory '/opt/ros_catkin_ws/build_isolated/roslint/CMakeFiles/CMakeTmp'
Makefile:126: recipe for target 'cmTC_f3dfc/fast' failed
make: *** [cmTC_f3dfc/fast] Error 2

File /opt/ros_catkin_ws/build_isolated/roslint/CMakeFiles/CMakeTmp/CheckSymbolExists.c:
/* */
#include <pthread.h>

int main(int argc, char** argv)
{
  (void)argv;
#ifndef pthread_create
  return ((int*)(&pthread_create))[argc];
#else
  (void)argc;
  return 0;
#endif
}

Determining if the function pthread_create exists in the pthreads failed with the following output:
Change Dir: /opt/ros_catkin_ws/build_isolated/roslint/CMakeFiles/CMakeTmp

Run Build Command:"/usr/bin/make" "cmTC_b7d17/fast"
/usr/bin/make -f CMakeFiles/cmTC_b7d17.dir/build.make CMakeFiles/cmTC_b7d17.dir/build
make[1]: Entering directory '/opt/ros_catkin_ws/build_isolated/roslint/CMakeFiles/CMakeTmp'
Building C object CMakeFiles/cmTC_b7d17.dir/CheckFunctionExists.c.o
/usr/bin/cc    -DCHECK_FUNCTION_EXISTS=pthread_create   -o CMakeFiles/cmTC_b7d17.dir/CheckFunctionExists.c.o   -c /usr/share/cmake-3.5/Modules/CheckFunctionExists.c
Linking C executable cmTC_b7d17
/usr/bin/cmake -E cmake_link_script CMakeFiles/cmTC_b7d17.dir/link.txt --verbose=1
/usr/bin/cc   -DCHECK_FUNCTION_EXISTS=pthread_create    CMakeFiles/cmTC_b7d17.dir/CheckFunctionExists.c.o  -o cmTC_b7d17 -rdynamic -lpthreads 
/usr/bin/ld: cannot find -lpthreads
collect2: error: ld returned 1 exit status
CMakeFiles/cmTC_b7d17.dir/build.make:97: recipe for target 'cmTC_b7d17' failed
make[1]: *** [cmTC_b7d17] Error 1
make[1]: Leaving directory '/opt/ros_catkin_ws/build_isolated/roslint/CMakeFiles/CMakeTmp'
Makefile:126: recipe for target 'cmTC_b7d17/fast' failed
make: *** [cmTC_b7d17/fast] Error 2


