Determining if the pthread_create exist failed with the following output:
Change Dir: /opt/ros_catkin_ws/build_isolated/geometry/CMakeFiles/CMakeTmp

Run Build Command:"/usr/bin/make" "cmTC_2e0aa/fast"
/usr/bin/make -f CMakeFiles/cmTC_2e0aa.dir/build.make CMakeFiles/cmTC_2e0aa.dir/build
make[1]: Entering directory '/opt/ros_catkin_ws/build_isolated/geometry/CMakeFiles/CMakeTmp'
Building C object CMakeFiles/cmTC_2e0aa.dir/CheckSymbolExists.c.o
/usr/bin/cc     -o CMakeFiles/cmTC_2e0aa.dir/CheckSymbolExists.c.o   -c /opt/ros_catkin_ws/build_isolated/geometry/CMakeFiles/CMakeTmp/CheckSymbolExists.c
Linking C executable cmTC_2e0aa
/usr/bin/cmake -E cmake_link_script CMakeFiles/cmTC_2e0aa.dir/link.txt --verbose=1
/usr/bin/cc       CMakeFiles/cmTC_2e0aa.dir/CheckSymbolExists.c.o  -o cmTC_2e0aa -rdynamic 
CMakeFiles/cmTC_2e0aa.dir/CheckSymbolExists.c.o: In function `main':
CheckSymbolExists.c:(.text+0xe): undefined reference to `pthread_create'
CheckSymbolExists.c:(.text+0x12): undefined reference to `pthread_create'
collect2: error: ld returned 1 exit status
CMakeFiles/cmTC_2e0aa.dir/build.make:97: recipe for target 'cmTC_2e0aa' failed
make[1]: *** [cmTC_2e0aa] Error 1
make[1]: Leaving directory '/opt/ros_catkin_ws/build_isolated/geometry/CMakeFiles/CMakeTmp'
Makefile:126: recipe for target 'cmTC_2e0aa/fast' failed
make: *** [cmTC_2e0aa/fast] Error 2

File /opt/ros_catkin_ws/build_isolated/geometry/CMakeFiles/CMakeTmp/CheckSymbolExists.c:
/* */
#include <pthread.h>

int main(int argc, char** argv)
{
  (void)argv;
#ifndef pthread_create
  return ((int*)(&pthread_create))[argc];
#else
  (void)argc;
  return 0;
#endif
}

Determining if the function pthread_create exists in the pthreads failed with the following output:
Change Dir: /opt/ros_catkin_ws/build_isolated/geometry/CMakeFiles/CMakeTmp

Run Build Command:"/usr/bin/make" "cmTC_f97b0/fast"
/usr/bin/make -f CMakeFiles/cmTC_f97b0.dir/build.make CMakeFiles/cmTC_f97b0.dir/build
make[1]: Entering directory '/opt/ros_catkin_ws/build_isolated/geometry/CMakeFiles/CMakeTmp'
Building C object CMakeFiles/cmTC_f97b0.dir/CheckFunctionExists.c.o
/usr/bin/cc    -DCHECK_FUNCTION_EXISTS=pthread_create   -o CMakeFiles/cmTC_f97b0.dir/CheckFunctionExists.c.o   -c /usr/share/cmake-3.5/Modules/CheckFunctionExists.c
Linking C executable cmTC_f97b0
/usr/bin/cmake -E cmake_link_script CMakeFiles/cmTC_f97b0.dir/link.txt --verbose=1
/usr/bin/cc   -DCHECK_FUNCTION_EXISTS=pthread_create    CMakeFiles/cmTC_f97b0.dir/CheckFunctionExists.c.o  -o cmTC_f97b0 -rdynamic -lpthreads 
/usr/bin/ld: cannot find -lpthreads
collect2: error: ld returned 1 exit status
CMakeFiles/cmTC_f97b0.dir/build.make:97: recipe for target 'cmTC_f97b0' failed
make[1]: *** [cmTC_f97b0] Error 1
make[1]: Leaving directory '/opt/ros_catkin_ws/build_isolated/geometry/CMakeFiles/CMakeTmp'
Makefile:126: recipe for target 'cmTC_f97b0/fast' failed
make: *** [cmTC_f97b0/fast] Error 2


