Determining if the pthread_create exist failed with the following output:
Change Dir: /opt/ros_catkin_ws/build_isolated/class_loader/CMakeFiles/CMakeTmp

Run Build Command:"/usr/bin/make" "cmTC_d4cf1/fast"
/usr/bin/make -f CMakeFiles/cmTC_d4cf1.dir/build.make CMakeFiles/cmTC_d4cf1.dir/build
make[1]: Entering directory '/opt/ros_catkin_ws/build_isolated/class_loader/CMakeFiles/CMakeTmp'
Building C object CMakeFiles/cmTC_d4cf1.dir/CheckSymbolExists.c.o
/usr/bin/cc     -o CMakeFiles/cmTC_d4cf1.dir/CheckSymbolExists.c.o   -c /opt/ros_catkin_ws/build_isolated/class_loader/CMakeFiles/CMakeTmp/CheckSymbolExists.c
Linking C executable cmTC_d4cf1
/usr/bin/cmake -E cmake_link_script CMakeFiles/cmTC_d4cf1.dir/link.txt --verbose=1
/usr/bin/cc       CMakeFiles/cmTC_d4cf1.dir/CheckSymbolExists.c.o  -o cmTC_d4cf1 -rdynamic 
CMakeFiles/cmTC_d4cf1.dir/CheckSymbolExists.c.o: In function `main':
CheckSymbolExists.c:(.text+0xe): undefined reference to `pthread_create'
CheckSymbolExists.c:(.text+0x12): undefined reference to `pthread_create'
collect2: error: ld returned 1 exit status
CMakeFiles/cmTC_d4cf1.dir/build.make:97: recipe for target 'cmTC_d4cf1' failed
make[1]: *** [cmTC_d4cf1] Error 1
make[1]: Leaving directory '/opt/ros_catkin_ws/build_isolated/class_loader/CMakeFiles/CMakeTmp'
Makefile:126: recipe for target 'cmTC_d4cf1/fast' failed
make: *** [cmTC_d4cf1/fast] Error 2

File /opt/ros_catkin_ws/build_isolated/class_loader/CMakeFiles/CMakeTmp/CheckSymbolExists.c:
/* */
#include <pthread.h>

int main(int argc, char** argv)
{
  (void)argv;
#ifndef pthread_create
  return ((int*)(&pthread_create))[argc];
#else
  (void)argc;
  return 0;
#endif
}

Determining if the function pthread_create exists in the pthreads failed with the following output:
Change Dir: /opt/ros_catkin_ws/build_isolated/class_loader/CMakeFiles/CMakeTmp

Run Build Command:"/usr/bin/make" "cmTC_dd207/fast"
/usr/bin/make -f CMakeFiles/cmTC_dd207.dir/build.make CMakeFiles/cmTC_dd207.dir/build
make[1]: Entering directory '/opt/ros_catkin_ws/build_isolated/class_loader/CMakeFiles/CMakeTmp'
Building C object CMakeFiles/cmTC_dd207.dir/CheckFunctionExists.c.o
/usr/bin/cc    -DCHECK_FUNCTION_EXISTS=pthread_create   -o CMakeFiles/cmTC_dd207.dir/CheckFunctionExists.c.o   -c /usr/share/cmake-3.5/Modules/CheckFunctionExists.c
Linking C executable cmTC_dd207
/usr/bin/cmake -E cmake_link_script CMakeFiles/cmTC_dd207.dir/link.txt --verbose=1
/usr/bin/cc   -DCHECK_FUNCTION_EXISTS=pthread_create    CMakeFiles/cmTC_dd207.dir/CheckFunctionExists.c.o  -o cmTC_dd207 -rdynamic -lpthreads 
/usr/bin/ld: cannot find -lpthreads
collect2: error: ld returned 1 exit status
CMakeFiles/cmTC_dd207.dir/build.make:97: recipe for target 'cmTC_dd207' failed
make[1]: *** [cmTC_dd207] Error 1
make[1]: Leaving directory '/opt/ros_catkin_ws/build_isolated/class_loader/CMakeFiles/CMakeTmp'
Makefile:126: recipe for target 'cmTC_dd207/fast' failed
make: *** [cmTC_dd207/fast] Error 2


