Determining if the pthread_create exist failed with the following output:
Change Dir: /opt/ros_catkin_ws/build_isolated/rqt_tf_tree/CMakeFiles/CMakeTmp

Run Build Command:"/usr/bin/make" "cmTC_d802e/fast"
/usr/bin/make -f CMakeFiles/cmTC_d802e.dir/build.make CMakeFiles/cmTC_d802e.dir/build
make[1]: Entering directory '/opt/ros_catkin_ws/build_isolated/rqt_tf_tree/CMakeFiles/CMakeTmp'
Building C object CMakeFiles/cmTC_d802e.dir/CheckSymbolExists.c.o
/usr/bin/cc     -o CMakeFiles/cmTC_d802e.dir/CheckSymbolExists.c.o   -c /opt/ros_catkin_ws/build_isolated/rqt_tf_tree/CMakeFiles/CMakeTmp/CheckSymbolExists.c
Linking C executable cmTC_d802e
/usr/bin/cmake -E cmake_link_script CMakeFiles/cmTC_d802e.dir/link.txt --verbose=1
/usr/bin/cc       CMakeFiles/cmTC_d802e.dir/CheckSymbolExists.c.o  -o cmTC_d802e -rdynamic 
CMakeFiles/cmTC_d802e.dir/CheckSymbolExists.c.o: In function `main':
CheckSymbolExists.c:(.text+0xe): undefined reference to `pthread_create'
CheckSymbolExists.c:(.text+0x12): undefined reference to `pthread_create'
collect2: error: ld returned 1 exit status
CMakeFiles/cmTC_d802e.dir/build.make:97: recipe for target 'cmTC_d802e' failed
make[1]: *** [cmTC_d802e] Error 1
make[1]: Leaving directory '/opt/ros_catkin_ws/build_isolated/rqt_tf_tree/CMakeFiles/CMakeTmp'
Makefile:126: recipe for target 'cmTC_d802e/fast' failed
make: *** [cmTC_d802e/fast] Error 2

File /opt/ros_catkin_ws/build_isolated/rqt_tf_tree/CMakeFiles/CMakeTmp/CheckSymbolExists.c:
/* */
#include <pthread.h>

int main(int argc, char** argv)
{
  (void)argv;
#ifndef pthread_create
  return ((int*)(&pthread_create))[argc];
#else
  (void)argc;
  return 0;
#endif
}

Determining if the function pthread_create exists in the pthreads failed with the following output:
Change Dir: /opt/ros_catkin_ws/build_isolated/rqt_tf_tree/CMakeFiles/CMakeTmp

Run Build Command:"/usr/bin/make" "cmTC_df788/fast"
/usr/bin/make -f CMakeFiles/cmTC_df788.dir/build.make CMakeFiles/cmTC_df788.dir/build
make[1]: Entering directory '/opt/ros_catkin_ws/build_isolated/rqt_tf_tree/CMakeFiles/CMakeTmp'
Building C object CMakeFiles/cmTC_df788.dir/CheckFunctionExists.c.o
/usr/bin/cc    -DCHECK_FUNCTION_EXISTS=pthread_create   -o CMakeFiles/cmTC_df788.dir/CheckFunctionExists.c.o   -c /usr/share/cmake-3.5/Modules/CheckFunctionExists.c
Linking C executable cmTC_df788
/usr/bin/cmake -E cmake_link_script CMakeFiles/cmTC_df788.dir/link.txt --verbose=1
/usr/bin/cc   -DCHECK_FUNCTION_EXISTS=pthread_create    CMakeFiles/cmTC_df788.dir/CheckFunctionExists.c.o  -o cmTC_df788 -rdynamic -lpthreads 
/usr/bin/ld: cannot find -lpthreads
collect2: error: ld returned 1 exit status
CMakeFiles/cmTC_df788.dir/build.make:97: recipe for target 'cmTC_df788' failed
make[1]: *** [cmTC_df788] Error 1
make[1]: Leaving directory '/opt/ros_catkin_ws/build_isolated/rqt_tf_tree/CMakeFiles/CMakeTmp'
Makefile:126: recipe for target 'cmTC_df788/fast' failed
make: *** [cmTC_df788/fast] Error 2


