Determining if the pthread_create exist failed with the following output:
Change Dir: /opt/ros_catkin_ws/build_isolated/rqt_plot/CMakeFiles/CMakeTmp

Run Build Command:"/usr/bin/make" "cmTC_02e78/fast"
/usr/bin/make -f CMakeFiles/cmTC_02e78.dir/build.make CMakeFiles/cmTC_02e78.dir/build
make[1]: Entering directory '/opt/ros_catkin_ws/build_isolated/rqt_plot/CMakeFiles/CMakeTmp'
Building C object CMakeFiles/cmTC_02e78.dir/CheckSymbolExists.c.o
/usr/bin/cc     -o CMakeFiles/cmTC_02e78.dir/CheckSymbolExists.c.o   -c /opt/ros_catkin_ws/build_isolated/rqt_plot/CMakeFiles/CMakeTmp/CheckSymbolExists.c
Linking C executable cmTC_02e78
/usr/bin/cmake -E cmake_link_script CMakeFiles/cmTC_02e78.dir/link.txt --verbose=1
/usr/bin/cc       CMakeFiles/cmTC_02e78.dir/CheckSymbolExists.c.o  -o cmTC_02e78 -rdynamic 
CMakeFiles/cmTC_02e78.dir/CheckSymbolExists.c.o: In function `main':
CheckSymbolExists.c:(.text+0xe): undefined reference to `pthread_create'
CheckSymbolExists.c:(.text+0x12): undefined reference to `pthread_create'
collect2: error: ld returned 1 exit status
CMakeFiles/cmTC_02e78.dir/build.make:97: recipe for target 'cmTC_02e78' failed
make[1]: *** [cmTC_02e78] Error 1
make[1]: Leaving directory '/opt/ros_catkin_ws/build_isolated/rqt_plot/CMakeFiles/CMakeTmp'
Makefile:126: recipe for target 'cmTC_02e78/fast' failed
make: *** [cmTC_02e78/fast] Error 2

File /opt/ros_catkin_ws/build_isolated/rqt_plot/CMakeFiles/CMakeTmp/CheckSymbolExists.c:
/* */
#include <pthread.h>

int main(int argc, char** argv)
{
  (void)argv;
#ifndef pthread_create
  return ((int*)(&pthread_create))[argc];
#else
  (void)argc;
  return 0;
#endif
}

Determining if the function pthread_create exists in the pthreads failed with the following output:
Change Dir: /opt/ros_catkin_ws/build_isolated/rqt_plot/CMakeFiles/CMakeTmp

Run Build Command:"/usr/bin/make" "cmTC_698ec/fast"
/usr/bin/make -f CMakeFiles/cmTC_698ec.dir/build.make CMakeFiles/cmTC_698ec.dir/build
make[1]: Entering directory '/opt/ros_catkin_ws/build_isolated/rqt_plot/CMakeFiles/CMakeTmp'
Building C object CMakeFiles/cmTC_698ec.dir/CheckFunctionExists.c.o
/usr/bin/cc    -DCHECK_FUNCTION_EXISTS=pthread_create   -o CMakeFiles/cmTC_698ec.dir/CheckFunctionExists.c.o   -c /usr/share/cmake-3.5/Modules/CheckFunctionExists.c
Linking C executable cmTC_698ec
/usr/bin/cmake -E cmake_link_script CMakeFiles/cmTC_698ec.dir/link.txt --verbose=1
/usr/bin/cc   -DCHECK_FUNCTION_EXISTS=pthread_create    CMakeFiles/cmTC_698ec.dir/CheckFunctionExists.c.o  -o cmTC_698ec -rdynamic -lpthreads 
/usr/bin/ld: cannot find -lpthreads
collect2: error: ld returned 1 exit status
CMakeFiles/cmTC_698ec.dir/build.make:97: recipe for target 'cmTC_698ec' failed
make[1]: *** [cmTC_698ec] Error 1
make[1]: Leaving directory '/opt/ros_catkin_ws/build_isolated/rqt_plot/CMakeFiles/CMakeTmp'
Makefile:126: recipe for target 'cmTC_698ec/fast' failed
make: *** [cmTC_698ec/fast] Error 2


