Determining if the pthread_create exist failed with the following output:
Change Dir: /opt/ros_catkin_ws/build_isolated/rqt_bag_plugins/CMakeFiles/CMakeTmp

Run Build Command:"/usr/bin/make" "cmTC_4604b/fast"
/usr/bin/make -f CMakeFiles/cmTC_4604b.dir/build.make CMakeFiles/cmTC_4604b.dir/build
make[1]: Entering directory '/opt/ros_catkin_ws/build_isolated/rqt_bag_plugins/CMakeFiles/CMakeTmp'
Building C object CMakeFiles/cmTC_4604b.dir/CheckSymbolExists.c.o
/usr/bin/cc     -o CMakeFiles/cmTC_4604b.dir/CheckSymbolExists.c.o   -c /opt/ros_catkin_ws/build_isolated/rqt_bag_plugins/CMakeFiles/CMakeTmp/CheckSymbolExists.c
Linking C executable cmTC_4604b
/usr/bin/cmake -E cmake_link_script CMakeFiles/cmTC_4604b.dir/link.txt --verbose=1
/usr/bin/cc       CMakeFiles/cmTC_4604b.dir/CheckSymbolExists.c.o  -o cmTC_4604b -rdynamic 
CMakeFiles/cmTC_4604b.dir/CheckSymbolExists.c.o: In function `main':
CheckSymbolExists.c:(.text+0xe): undefined reference to `pthread_create'
CheckSymbolExists.c:(.text+0x12): undefined reference to `pthread_create'
collect2: error: ld returned 1 exit status
CMakeFiles/cmTC_4604b.dir/build.make:97: recipe for target 'cmTC_4604b' failed
make[1]: *** [cmTC_4604b] Error 1
make[1]: Leaving directory '/opt/ros_catkin_ws/build_isolated/rqt_bag_plugins/CMakeFiles/CMakeTmp'
Makefile:126: recipe for target 'cmTC_4604b/fast' failed
make: *** [cmTC_4604b/fast] Error 2

File /opt/ros_catkin_ws/build_isolated/rqt_bag_plugins/CMakeFiles/CMakeTmp/CheckSymbolExists.c:
/* */
#include <pthread.h>

int main(int argc, char** argv)
{
  (void)argv;
#ifndef pthread_create
  return ((int*)(&pthread_create))[argc];
#else
  (void)argc;
  return 0;
#endif
}

Determining if the function pthread_create exists in the pthreads failed with the following output:
Change Dir: /opt/ros_catkin_ws/build_isolated/rqt_bag_plugins/CMakeFiles/CMakeTmp

Run Build Command:"/usr/bin/make" "cmTC_06d25/fast"
/usr/bin/make -f CMakeFiles/cmTC_06d25.dir/build.make CMakeFiles/cmTC_06d25.dir/build
make[1]: Entering directory '/opt/ros_catkin_ws/build_isolated/rqt_bag_plugins/CMakeFiles/CMakeTmp'
Building C object CMakeFiles/cmTC_06d25.dir/CheckFunctionExists.c.o
/usr/bin/cc    -DCHECK_FUNCTION_EXISTS=pthread_create   -o CMakeFiles/cmTC_06d25.dir/CheckFunctionExists.c.o   -c /usr/share/cmake-3.5/Modules/CheckFunctionExists.c
Linking C executable cmTC_06d25
/usr/bin/cmake -E cmake_link_script CMakeFiles/cmTC_06d25.dir/link.txt --verbose=1
/usr/bin/cc   -DCHECK_FUNCTION_EXISTS=pthread_create    CMakeFiles/cmTC_06d25.dir/CheckFunctionExists.c.o  -o cmTC_06d25 -rdynamic -lpthreads 
/usr/bin/ld: cannot find -lpthreads
collect2: error: ld returned 1 exit status
CMakeFiles/cmTC_06d25.dir/build.make:97: recipe for target 'cmTC_06d25' failed
make[1]: *** [cmTC_06d25] Error 1
make[1]: Leaving directory '/opt/ros_catkin_ws/build_isolated/rqt_bag_plugins/CMakeFiles/CMakeTmp'
Makefile:126: recipe for target 'cmTC_06d25/fast' failed
make: *** [cmTC_06d25/fast] Error 2


