Determining if the pthread_create exist failed with the following output:
Change Dir: /opt/ros_catkin_ws/build_isolated/media_export/CMakeFiles/CMakeTmp

Run Build Command:"/usr/bin/make" "cmTC_02184/fast"
/usr/bin/make -f CMakeFiles/cmTC_02184.dir/build.make CMakeFiles/cmTC_02184.dir/build
make[1]: Entering directory '/opt/ros_catkin_ws/build_isolated/media_export/CMakeFiles/CMakeTmp'
Building C object CMakeFiles/cmTC_02184.dir/CheckSymbolExists.c.o
/usr/bin/cc     -o CMakeFiles/cmTC_02184.dir/CheckSymbolExists.c.o   -c /opt/ros_catkin_ws/build_isolated/media_export/CMakeFiles/CMakeTmp/CheckSymbolExists.c
Linking C executable cmTC_02184
/usr/bin/cmake -E cmake_link_script CMakeFiles/cmTC_02184.dir/link.txt --verbose=1
/usr/bin/cc       CMakeFiles/cmTC_02184.dir/CheckSymbolExists.c.o  -o cmTC_02184 -rdynamic 
CMakeFiles/cmTC_02184.dir/CheckSymbolExists.c.o: In function `main':
CheckSymbolExists.c:(.text+0xe): undefined reference to `pthread_create'
CheckSymbolExists.c:(.text+0x12): undefined reference to `pthread_create'
collect2: error: ld returned 1 exit status
CMakeFiles/cmTC_02184.dir/build.make:97: recipe for target 'cmTC_02184' failed
make[1]: *** [cmTC_02184] Error 1
make[1]: Leaving directory '/opt/ros_catkin_ws/build_isolated/media_export/CMakeFiles/CMakeTmp'
Makefile:126: recipe for target 'cmTC_02184/fast' failed
make: *** [cmTC_02184/fast] Error 2

File /opt/ros_catkin_ws/build_isolated/media_export/CMakeFiles/CMakeTmp/CheckSymbolExists.c:
/* */
#include <pthread.h>

int main(int argc, char** argv)
{
  (void)argv;
#ifndef pthread_create
  return ((int*)(&pthread_create))[argc];
#else
  (void)argc;
  return 0;
#endif
}

Determining if the function pthread_create exists in the pthreads failed with the following output:
Change Dir: /opt/ros_catkin_ws/build_isolated/media_export/CMakeFiles/CMakeTmp

Run Build Command:"/usr/bin/make" "cmTC_aa26e/fast"
/usr/bin/make -f CMakeFiles/cmTC_aa26e.dir/build.make CMakeFiles/cmTC_aa26e.dir/build
make[1]: Entering directory '/opt/ros_catkin_ws/build_isolated/media_export/CMakeFiles/CMakeTmp'
Building C object CMakeFiles/cmTC_aa26e.dir/CheckFunctionExists.c.o
/usr/bin/cc    -DCHECK_FUNCTION_EXISTS=pthread_create   -o CMakeFiles/cmTC_aa26e.dir/CheckFunctionExists.c.o   -c /usr/share/cmake-3.5/Modules/CheckFunctionExists.c
Linking C executable cmTC_aa26e
/usr/bin/cmake -E cmake_link_script CMakeFiles/cmTC_aa26e.dir/link.txt --verbose=1
/usr/bin/cc   -DCHECK_FUNCTION_EXISTS=pthread_create    CMakeFiles/cmTC_aa26e.dir/CheckFunctionExists.c.o  -o cmTC_aa26e -rdynamic -lpthreads 
/usr/bin/ld: cannot find -lpthreads
collect2: error: ld returned 1 exit status
CMakeFiles/cmTC_aa26e.dir/build.make:97: recipe for target 'cmTC_aa26e' failed
make[1]: *** [cmTC_aa26e] Error 1
make[1]: Leaving directory '/opt/ros_catkin_ws/build_isolated/media_export/CMakeFiles/CMakeTmp'
Makefile:126: recipe for target 'cmTC_aa26e/fast' failed
make: *** [cmTC_aa26e/fast] Error 2


