Determining if the pthread_create exist failed with the following output:
Change Dir: /opt/ros_catkin_ws/build_isolated/genpy/CMakeFiles/CMakeTmp

Run Build Command:"/usr/bin/make" "cmTC_9bfd9/fast"
/usr/bin/make -f CMakeFiles/cmTC_9bfd9.dir/build.make CMakeFiles/cmTC_9bfd9.dir/build
make[1]: Entering directory '/opt/ros_catkin_ws/build_isolated/genpy/CMakeFiles/CMakeTmp'
Building C object CMakeFiles/cmTC_9bfd9.dir/CheckSymbolExists.c.o
/usr/bin/cc     -o CMakeFiles/cmTC_9bfd9.dir/CheckSymbolExists.c.o   -c /opt/ros_catkin_ws/build_isolated/genpy/CMakeFiles/CMakeTmp/CheckSymbolExists.c
Linking C executable cmTC_9bfd9
/usr/bin/cmake -E cmake_link_script CMakeFiles/cmTC_9bfd9.dir/link.txt --verbose=1
/usr/bin/cc       CMakeFiles/cmTC_9bfd9.dir/CheckSymbolExists.c.o  -o cmTC_9bfd9 -rdynamic 
CMakeFiles/cmTC_9bfd9.dir/CheckSymbolExists.c.o: In function `main':
CheckSymbolExists.c:(.text+0xe): undefined reference to `pthread_create'
CheckSymbolExists.c:(.text+0x12): undefined reference to `pthread_create'
collect2: error: ld returned 1 exit status
CMakeFiles/cmTC_9bfd9.dir/build.make:97: recipe for target 'cmTC_9bfd9' failed
make[1]: *** [cmTC_9bfd9] Error 1
make[1]: Leaving directory '/opt/ros_catkin_ws/build_isolated/genpy/CMakeFiles/CMakeTmp'
Makefile:126: recipe for target 'cmTC_9bfd9/fast' failed
make: *** [cmTC_9bfd9/fast] Error 2

File /opt/ros_catkin_ws/build_isolated/genpy/CMakeFiles/CMakeTmp/CheckSymbolExists.c:
/* */
#include <pthread.h>

int main(int argc, char** argv)
{
  (void)argv;
#ifndef pthread_create
  return ((int*)(&pthread_create))[argc];
#else
  (void)argc;
  return 0;
#endif
}

Determining if the function pthread_create exists in the pthreads failed with the following output:
Change Dir: /opt/ros_catkin_ws/build_isolated/genpy/CMakeFiles/CMakeTmp

Run Build Command:"/usr/bin/make" "cmTC_fc6db/fast"
/usr/bin/make -f CMakeFiles/cmTC_fc6db.dir/build.make CMakeFiles/cmTC_fc6db.dir/build
make[1]: Entering directory '/opt/ros_catkin_ws/build_isolated/genpy/CMakeFiles/CMakeTmp'
Building C object CMakeFiles/cmTC_fc6db.dir/CheckFunctionExists.c.o
/usr/bin/cc    -DCHECK_FUNCTION_EXISTS=pthread_create   -o CMakeFiles/cmTC_fc6db.dir/CheckFunctionExists.c.o   -c /usr/share/cmake-3.5/Modules/CheckFunctionExists.c
Linking C executable cmTC_fc6db
/usr/bin/cmake -E cmake_link_script CMakeFiles/cmTC_fc6db.dir/link.txt --verbose=1
/usr/bin/cc   -DCHECK_FUNCTION_EXISTS=pthread_create    CMakeFiles/cmTC_fc6db.dir/CheckFunctionExists.c.o  -o cmTC_fc6db -rdynamic -lpthreads 
/usr/bin/ld: cannot find -lpthreads
collect2: error: ld returned 1 exit status
CMakeFiles/cmTC_fc6db.dir/build.make:97: recipe for target 'cmTC_fc6db' failed
make[1]: *** [cmTC_fc6db] Error 1
make[1]: Leaving directory '/opt/ros_catkin_ws/build_isolated/genpy/CMakeFiles/CMakeTmp'
Makefile:126: recipe for target 'cmTC_fc6db/fast' failed
make: *** [cmTC_fc6db/fast] Error 2


